{"contracts/hooks/base/BaseHook.sol":{"l":{"18":0,"23":0,"24":0,"29":0,"30":0,"35":0,"36":0,"40":0,"41":0,"42":0,"45":0,"55":0,"64":0,"72":0,"81":0,"89":0,"98":0,"107":0,"116":0},"path":"/Users/emily/code/uniswap/core-next/contracts/hooks/base/BaseHook.sol","s":{"1":0,"2":0,"3":0,"4":0,"5":0,"6":0,"7":0,"8":0},"b":{"1":[0,0],"2":[0,0],"3":[0,0],"4":[0,0],"5":[0,0]},"f":{"1":0,"2":0,"3":0,"4":0,"5":0,"6":0,"7":0,"8":0,"9":0,"10":0,"11":0,"12":0,"13":0},"fnMap":{"1":{"name":"constructor","line":17,"loc":{"start":{"line":17,"column":4},"end":{"line":19,"column":4}}},"2":{"name":"poolManagerOnly","line":22,"loc":{"start":{"line":22,"column":4},"end":{"line":25,"column":4}}},"3":{"name":"selfOnly","line":28,"loc":{"start":{"line":28,"column":4},"end":{"line":31,"column":4}}},"4":{"name":"onlyValidPools","line":34,"loc":{"start":{"line":34,"column":4},"end":{"line":37,"column":4}}},"5":{"name":"lockAcquired","line":39,"loc":{"start":{"line":39,"column":4},"end":{"line":48,"column":4}}},"6":{"name":"beforeInitialize","line":50,"loc":{"start":{"line":50,"column":4},"end":{"line":56,"column":4}}},"7":{"name":"afterInitialize","line":58,"loc":{"start":{"line":58,"column":4},"end":{"line":65,"column":4}}},"8":{"name":"beforeModifyPosition","line":67,"loc":{"start":{"line":67,"column":4},"end":{"line":73,"column":4}}},"9":{"name":"afterModifyPosition","line":75,"loc":{"start":{"line":75,"column":4},"end":{"line":82,"column":4}}},"10":{"name":"beforeSwap","line":84,"loc":{"start":{"line":84,"column":4},"end":{"line":90,"column":4}}},"11":{"name":"afterSwap","line":92,"loc":{"start":{"line":92,"column":4},"end":{"line":99,"column":4}}},"12":{"name":"beforeDonate","line":101,"loc":{"start":{"line":101,"column":4},"end":{"line":108,"column":4}}},"13":{"name":"afterDonate","line":110,"loc":{"start":{"line":110,"column":4},"end":{"line":117,"column":4}}}},"statementMap":{"1":{"start":{"line":18,"column":8},"end":{"line":18,"column":33}},"2":{"start":{"line":23,"column":8},"end":{"line":23,"column":71}},"3":{"start":{"line":29,"column":8},"end":{"line":29,"column":57}},"4":{"start":{"line":35,"column":8},"end":{"line":35,"column":47}},"5":{"start":{"line":40,"column":8},"end":{"line":40,"column":74}},"6":{"start":{"line":41,"column":8},"end":{"line":41,"column":38}},"7":{"start":{"line":41,"column":21},"end":{"line":41,"column":38}},"8":{"start":{"line":42,"column":8},"end":{"line":42,"column":56}}},"branchMap":{"1":{"line":23,"type":"if","locations":[{"start":{"line":23,"column":8},"end":{"line":23,"column":8}},{"start":{"line":23,"column":8},"end":{"line":23,"column":8}}]},"2":{"line":29,"type":"if","locations":[{"start":{"line":29,"column":8},"end":{"line":29,"column":8}},{"start":{"line":29,"column":8},"end":{"line":29,"column":8}}]},"3":{"line":35,"type":"if","locations":[{"start":{"line":35,"column":8},"end":{"line":35,"column":8}},{"start":{"line":35,"column":8},"end":{"line":35,"column":8}}]},"4":{"line":41,"type":"if","locations":[{"start":{"line":41,"column":8},"end":{"line":41,"column":8}},{"start":{"line":41,"column":8},"end":{"line":41,"column":8}}]},"5":{"line":42,"type":"if","locations":[{"start":{"line":42,"column":8},"end":{"line":42,"column":8}},{"start":{"line":42,"column":8},"end":{"line":42,"column":8}}]}}},"contracts/interfaces/callback/ILockCallback.sol":{"l":{},"path":"/Users/emily/code/uniswap/core-next/contracts/interfaces/callback/ILockCallback.sol","s":{},"b":{},"f":{},"fnMap":{},"statementMap":{},"branchMap":{}},"contracts/interfaces/external/IERC20Minimal.sol":{"l":{},"path":"/Users/emily/code/uniswap/core-next/contracts/interfaces/external/IERC20Minimal.sol","s":{},"b":{},"f":{},"fnMap":{},"statementMap":{},"branchMap":{}},"contracts/interfaces/IHooks.sol":{"l":{},"path":"/Users/emily/code/uniswap/core-next/contracts/interfaces/IHooks.sol","s":{},"b":{},"f":{},"fnMap":{},"statementMap":{},"branchMap":{}},"contracts/interfaces/IPoolManager.sol":{"l":{},"path":"/Users/emily/code/uniswap/core-next/contracts/interfaces/IPoolManager.sol","s":{},"b":{},"f":{},"fnMap":{},"statementMap":{},"branchMap":{}},"contracts/interfaces/IProtocolFeeController.sol":{"l":{},"path":"/Users/emily/code/uniswap/core-next/contracts/interfaces/IProtocolFeeController.sol","s":{},"b":{},"f":{},"fnMap":{},"statementMap":{},"branchMap":{}},"contracts/libraries/BitMath.sol":{"l":{"14":273,"16":272,"17":272,"18":133,"19":133,"21":272,"22":137,"23":137,"25":272,"26":133,"27":133,"29":272,"30":136,"31":136,"33":272,"34":139,"35":139,"37":272,"38":136,"39":136,"41":272,"42":138,"43":138,"45":272,"56":266,"58":265,"59":265,"60":265,"61":136,"63":129,"65":265,"66":133,"68":132,"70":265,"71":136,"73":129,"75":265,"76":134,"78":131,"80":265,"81":134,"83":131,"85":265,"86":134,"88":131,"90":265,"91":136,"93":129,"95":265},"path":"/Users/emily/code/uniswap/core-next/contracts/libraries/BitMath.sol","s":{"1":273,"2":272,"3":133,"4":133,"5":272,"6":137,"7":137,"8":272,"9":133,"10":133,"11":272,"12":136,"13":136,"14":272,"15":139,"16":139,"17":272,"18":136,"19":136,"20":272,"21":138,"22":138,"23":272,"24":133,"25":266,"26":265,"27":265,"28":136,"29":129,"30":265,"31":133,"32":132,"33":265,"34":136,"35":129,"36":265,"37":134,"38":131,"39":265,"40":134,"41":131,"42":265,"43":134,"44":131,"45":265,"46":136,"47":129,"48":265,"49":136},"b":{"1":[272,1],"2":[133,139],"3":[137,135],"4":[133,139],"5":[136,136],"6":[139,133],"7":[136,136],"8":[138,134],"9":[133,139],"10":[265,1],"11":[136,129],"12":[133,132],"13":[136,129],"14":[134,131],"15":[134,131],"16":[134,131],"17":[136,129],"18":[136,129]},"f":{"1":273,"2":266},"fnMap":{"1":{"name":"mostSignificantBit","line":13,"loc":{"start":{"line":13,"column":4},"end":{"line":47,"column":4}}},"2":{"name":"leastSignificantBit","line":55,"loc":{"start":{"line":55,"column":4},"end":{"line":97,"column":4}}}},"statementMap":{"1":{"start":{"line":14,"column":8},"end":{"line":14,"column":21}},"2":{"start":{"line":17,"column":12},"end":{"line":17,"column":814}},"3":{"start":{"line":18,"column":16},"end":{"line":18,"column":24}},"4":{"start":{"line":19,"column":16},"end":{"line":19,"column":23}},"5":{"start":{"line":21,"column":12},"end":{"line":21,"column":941}},"6":{"start":{"line":22,"column":16},"end":{"line":22,"column":23}},"7":{"start":{"line":23,"column":16},"end":{"line":23,"column":22}},"8":{"start":{"line":25,"column":12},"end":{"line":25,"column":1050}},"9":{"start":{"line":26,"column":16},"end":{"line":26,"column":23}},"10":{"start":{"line":27,"column":16},"end":{"line":27,"column":22}},"11":{"start":{"line":29,"column":12},"end":{"line":29,"column":1151}},"12":{"start":{"line":30,"column":16},"end":{"line":30,"column":23}},"13":{"start":{"line":31,"column":16},"end":{"line":31,"column":22}},"14":{"start":{"line":33,"column":12},"end":{"line":33,"column":1248}},"15":{"start":{"line":34,"column":16},"end":{"line":34,"column":22}},"16":{"start":{"line":35,"column":16},"end":{"line":35,"column":21}},"17":{"start":{"line":37,"column":12},"end":{"line":37,"column":1341}},"18":{"start":{"line":38,"column":16},"end":{"line":38,"column":22}},"19":{"start":{"line":39,"column":16},"end":{"line":39,"column":21}},"20":{"start":{"line":41,"column":12},"end":{"line":41,"column":1433}},"21":{"start":{"line":42,"column":16},"end":{"line":42,"column":22}},"22":{"start":{"line":43,"column":16},"end":{"line":43,"column":21}},"23":{"start":{"line":45,"column":12},"end":{"line":45,"column":32}},"24":{"start":{"line":45,"column":26},"end":{"line":45,"column":31}},"25":{"start":{"line":56,"column":8},"end":{"line":56,"column":21}},"26":{"start":{"line":59,"column":12},"end":{"line":59,"column":18}},"27":{"start":{"line":60,"column":12},"end":{"line":60,"column":2204}},"28":{"start":{"line":61,"column":16},"end":{"line":61,"column":23}},"29":{"start":{"line":63,"column":16},"end":{"line":63,"column":24}},"30":{"start":{"line":65,"column":12},"end":{"line":65,"column":2337}},"31":{"start":{"line":66,"column":16},"end":{"line":66,"column":22}},"32":{"start":{"line":68,"column":16},"end":{"line":68,"column":23}},"33":{"start":{"line":70,"column":12},"end":{"line":70,"column":2467}},"34":{"start":{"line":71,"column":16},"end":{"line":71,"column":22}},"35":{"start":{"line":73,"column":16},"end":{"line":73,"column":23}},"36":{"start":{"line":75,"column":12},"end":{"line":75,"column":2597}},"37":{"start":{"line":76,"column":16},"end":{"line":76,"column":22}},"38":{"start":{"line":78,"column":16},"end":{"line":78,"column":23}},"39":{"start":{"line":80,"column":12},"end":{"line":80,"column":2727}},"40":{"start":{"line":81,"column":16},"end":{"line":81,"column":21}},"41":{"start":{"line":83,"column":16},"end":{"line":83,"column":22}},"42":{"start":{"line":85,"column":12},"end":{"line":85,"column":2854}},"43":{"start":{"line":86,"column":16},"end":{"line":86,"column":21}},"44":{"start":{"line":88,"column":16},"end":{"line":88,"column":22}},"45":{"start":{"line":90,"column":12},"end":{"line":90,"column":2969}},"46":{"start":{"line":91,"column":16},"end":{"line":91,"column":21}},"47":{"start":{"line":93,"column":16},"end":{"line":93,"column":22}},"48":{"start":{"line":95,"column":12},"end":{"line":95,"column":35}},"49":{"start":{"line":95,"column":29},"end":{"line":95,"column":34}}},"branchMap":{"1":{"line":14,"type":"if","locations":[{"start":{"line":14,"column":8},"end":{"line":14,"column":8}},{"start":{"line":14,"column":8},"end":{"line":14,"column":8}}]},"2":{"line":17,"type":"if","locations":[{"start":{"line":17,"column":12},"end":{"line":17,"column":12}},{"start":{"line":17,"column":12},"end":{"line":17,"column":12}}]},"3":{"line":21,"type":"if","locations":[{"start":{"line":21,"column":12},"end":{"line":21,"column":12}},{"start":{"line":21,"column":12},"end":{"line":21,"column":12}}]},"4":{"line":25,"type":"if","locations":[{"start":{"line":25,"column":12},"end":{"line":25,"column":12}},{"start":{"line":25,"column":12},"end":{"line":25,"column":12}}]},"5":{"line":29,"type":"if","locations":[{"start":{"line":29,"column":12},"end":{"line":29,"column":12}},{"start":{"line":29,"column":12},"end":{"line":29,"column":12}}]},"6":{"line":33,"type":"if","locations":[{"start":{"line":33,"column":12},"end":{"line":33,"column":12}},{"start":{"line":33,"column":12},"end":{"line":33,"column":12}}]},"7":{"line":37,"type":"if","locations":[{"start":{"line":37,"column":12},"end":{"line":37,"column":12}},{"start":{"line":37,"column":12},"end":{"line":37,"column":12}}]},"8":{"line":41,"type":"if","locations":[{"start":{"line":41,"column":12},"end":{"line":41,"column":12}},{"start":{"line":41,"column":12},"end":{"line":41,"column":12}}]},"9":{"line":45,"type":"if","locations":[{"start":{"line":45,"column":12},"end":{"line":45,"column":12}},{"start":{"line":45,"column":12},"end":{"line":45,"column":12}}]},"10":{"line":56,"type":"if","locations":[{"start":{"line":56,"column":8},"end":{"line":56,"column":8}},{"start":{"line":56,"column":8},"end":{"line":56,"column":8}}]},"11":{"line":60,"type":"if","locations":[{"start":{"line":60,"column":12},"end":{"line":60,"column":12}},{"start":{"line":60,"column":12},"end":{"line":60,"column":12}}]},"12":{"line":65,"type":"if","locations":[{"start":{"line":65,"column":12},"end":{"line":65,"column":12}},{"start":{"line":65,"column":12},"end":{"line":65,"column":12}}]},"13":{"line":70,"type":"if","locations":[{"start":{"line":70,"column":12},"end":{"line":70,"column":12}},{"start":{"line":70,"column":12},"end":{"line":70,"column":12}}]},"14":{"line":75,"type":"if","locations":[{"start":{"line":75,"column":12},"end":{"line":75,"column":12}},{"start":{"line":75,"column":12},"end":{"line":75,"column":12}}]},"15":{"line":80,"type":"if","locations":[{"start":{"line":80,"column":12},"end":{"line":80,"column":12}},{"start":{"line":80,"column":12},"end":{"line":80,"column":12}}]},"16":{"line":85,"type":"if","locations":[{"start":{"line":85,"column":12},"end":{"line":85,"column":12}},{"start":{"line":85,"column":12},"end":{"line":85,"column":12}}]},"17":{"line":90,"type":"if","locations":[{"start":{"line":90,"column":12},"end":{"line":90,"column":12}},{"start":{"line":90,"column":12},"end":{"line":90,"column":12}}]},"18":{"line":95,"type":"if","locations":[{"start":{"line":95,"column":12},"end":{"line":95,"column":12}},{"start":{"line":95,"column":12},"end":{"line":95,"column":12}}]}}},"contracts/libraries/FixedPoint128.sol":{"l":{},"path":"/Users/emily/code/uniswap/core-next/contracts/libraries/FixedPoint128.sol","s":{},"b":{},"f":{},"fnMap":{},"statementMap":{},"branchMap":{}},"contracts/libraries/FixedPoint96.sol":{"l":{},"path":"/Users/emily/code/uniswap/core-next/contracts/libraries/FixedPoint96.sol","s":{},"b":{},"f":{},"fnMap":{},"statementMap":{},"branchMap":{}},"contracts/libraries/FullMath.sol":{"l":{"19":186,"25":186,"26":186,"27":186,"34":186,"35":166,"36":164,"39":164,"44":20,"52":12,"53":12,"57":12,"65":12,"67":12,"72":12,"78":12,"81":12,"88":12,"92":12,"93":12,"94":12,"95":12,"96":12,"97":12,"105":12,"106":12,"120":98,"121":98,"122":93,"123":52,"124":50},"path":"/Users/emily/code/uniswap/core-next/contracts/libraries/FullMath.sol","s":{"1":186,"2":186,"3":186,"4":166,"5":164,"6":20,"7":12,"8":12,"9":12,"10":12,"11":12,"12":12,"13":12,"14":12,"15":12,"16":12,"17":12,"18":12,"19":98,"20":93,"21":52},"b":{"1":[166,20],"2":[164,2],"3":[12,8],"4":[52,41],"5":[50,2]},"f":{"1":186,"2":98},"fnMap":{"1":{"name":"mulDiv","line":14,"loc":{"start":{"line":14,"column":4},"end":{"line":108,"column":4}}},"2":{"name":"mulDivRoundingUp","line":115,"loc":{"start":{"line":115,"column":4},"end":{"line":127,"column":4}}}},"statementMap":{"1":{"start":{"line":25,"column":12},"end":{"line":25,"column":25}},"2":{"start":{"line":26,"column":12},"end":{"line":26,"column":25}},"3":{"start":{"line":34,"column":12},"end":{"line":34,"column":1623}},"4":{"start":{"line":35,"column":16},"end":{"line":35,"column":39}},"5":{"start":{"line":39,"column":16},"end":{"line":39,"column":29}},"6":{"start":{"line":44,"column":12},"end":{"line":44,"column":39}},"7":{"start":{"line":52,"column":12},"end":{"line":52,"column":29}},"8":{"start":{"line":65,"column":12},"end":{"line":65,"column":58}},"9":{"start":{"line":81,"column":12},"end":{"line":81,"column":32}},"10":{"start":{"line":88,"column":12},"end":{"line":88,"column":47}},"11":{"start":{"line":92,"column":12},"end":{"line":92,"column":39}},"12":{"start":{"line":93,"column":12},"end":{"line":93,"column":39}},"13":{"start":{"line":94,"column":12},"end":{"line":94,"column":39}},"14":{"start":{"line":95,"column":12},"end":{"line":95,"column":39}},"15":{"start":{"line":96,"column":12},"end":{"line":96,"column":39}},"16":{"start":{"line":97,"column":12},"end":{"line":97,"column":39}},"17":{"start":{"line":105,"column":12},"end":{"line":105,"column":31}},"18":{"start":{"line":106,"column":12},"end":{"line":106,"column":25}},"19":{"start":{"line":121,"column":12},"end":{"line":121,"column":45}},"20":{"start":{"line":122,"column":12},"end":{"line":122,"column":5380}},"21":{"start":{"line":123,"column":16},"end":{"line":123,"column":50}}},"branchMap":{"1":{"line":34,"type":"if","locations":[{"start":{"line":34,"column":12},"end":{"line":34,"column":12}},{"start":{"line":34,"column":12},"end":{"line":34,"column":12}}]},"2":{"line":35,"type":"if","locations":[{"start":{"line":35,"column":16},"end":{"line":35,"column":16}},{"start":{"line":35,"column":16},"end":{"line":35,"column":16}}]},"3":{"line":44,"type":"if","locations":[{"start":{"line":44,"column":12},"end":{"line":44,"column":12}},{"start":{"line":44,"column":12},"end":{"line":44,"column":12}}]},"4":{"line":122,"type":"if","locations":[{"start":{"line":122,"column":12},"end":{"line":122,"column":12}},{"start":{"line":122,"column":12},"end":{"line":122,"column":12}}]},"5":{"line":123,"type":"if","locations":[{"start":{"line":123,"column":16},"end":{"line":123,"column":16}},{"start":{"line":123,"column":16},"end":{"line":123,"column":16}}]}}},"contracts/libraries/Hooks.sol":{"l":{"43":18,"53":4,"60":32,"64":42,"68":40,"72":32,"76":29,"80":26,"84":25,"88":20,"92":18},"path":"/Users/emily/code/uniswap/core-next/contracts/libraries/Hooks.sol","s":{"1":18,"2":32,"3":42,"4":40,"5":32,"6":29,"7":26,"8":25,"9":20,"10":18},"b":{"1":[4,14]},"f":{"1":18,"2":32,"3":42,"4":40,"5":32,"6":29,"7":26,"8":25,"9":20,"10":18},"fnMap":{"1":{"name":"validateHookAddress","line":42,"loc":{"start":{"line":42,"column":4},"end":{"line":55,"column":4}}},"2":{"name":"isValidHookAddress","line":59,"loc":{"start":{"line":59,"column":4},"end":{"line":61,"column":4}}},"3":{"name":"shouldCallBeforeInitialize","line":63,"loc":{"start":{"line":63,"column":4},"end":{"line":65,"column":4}}},"4":{"name":"shouldCallAfterInitialize","line":67,"loc":{"start":{"line":67,"column":4},"end":{"line":69,"column":4}}},"5":{"name":"shouldCallBeforeModifyPosition","line":71,"loc":{"start":{"line":71,"column":4},"end":{"line":73,"column":4}}},"6":{"name":"shouldCallAfterModifyPosition","line":75,"loc":{"start":{"line":75,"column":4},"end":{"line":77,"column":4}}},"7":{"name":"shouldCallBeforeSwap","line":79,"loc":{"start":{"line":79,"column":4},"end":{"line":81,"column":4}}},"8":{"name":"shouldCallAfterSwap","line":83,"loc":{"start":{"line":83,"column":4},"end":{"line":85,"column":4}}},"9":{"name":"shouldCallBeforeDonate","line":87,"loc":{"start":{"line":87,"column":4},"end":{"line":89,"column":4}}},"10":{"name":"shouldCallAfterDonate","line":91,"loc":{"start":{"line":91,"column":4},"end":{"line":93,"column":4}}}},"statementMap":{"1":{"start":{"line":43,"column":8},"end":{"line":43,"column":1970}},"2":{"start":{"line":60,"column":8},"end":{"line":60,"column":98}},"3":{"start":{"line":64,"column":8},"end":{"line":64,"column":76}},"4":{"start":{"line":68,"column":8},"end":{"line":68,"column":75}},"5":{"start":{"line":72,"column":8},"end":{"line":72,"column":81}},"6":{"start":{"line":76,"column":8},"end":{"line":76,"column":80}},"7":{"start":{"line":80,"column":8},"end":{"line":80,"column":70}},"8":{"start":{"line":84,"column":8},"end":{"line":84,"column":69}},"9":{"start":{"line":88,"column":8},"end":{"line":88,"column":72}},"10":{"start":{"line":92,"column":8},"end":{"line":92,"column":71}}},"branchMap":{"1":{"line":43,"type":"if","locations":[{"start":{"line":43,"column":8},"end":{"line":43,"column":8}},{"start":{"line":43,"column":8},"end":{"line":43,"column":8}}]}}},"contracts/libraries/Oracle.sol":{"l":{"44":61,"45":61,"46":61,"66":27,"72":27,"97":47,"98":47,"101":47,"104":46,"105":21,"107":25,"110":46,"111":46,"125":28,"126":28,"128":28,"131":27,"132":27,"147":182,"149":182,"151":11,"152":11,"154":11,"176":35,"177":35,"178":35,"179":35,"180":35,"181":53,"183":53,"186":53,"187":4,"188":4,"191":49,"193":49,"196":49,"198":14,"225":51,"227":51,"230":51,"231":10,"233":3,"236":7,"241":41,"242":41,"245":41,"246":6,"249":35,"275":69,"276":69,"277":18,"278":18,"279":18,"282":51,"284":51,"294":45,"296":15,"299":7,"302":23,"303":23,"304":23,"340":53,"341":53,"343":52,"344":52,"345":52,"346":69},"path":"/Users/emily/code/uniswap/core-next/contracts/libraries/Oracle.sol","s":{"1":61,"2":61,"3":27,"4":27,"5":47,"6":47,"7":1,"8":46,"9":21,"10":25,"11":46,"12":46,"13":28,"14":28,"15":1,"16":27,"17":52,"18":27,"19":182,"20":171,"21":11,"22":11,"23":11,"24":35,"25":35,"26":35,"27":35,"28":53,"29":53,"30":53,"31":4,"32":49,"33":49,"34":49,"35":14,"36":8,"37":6,"38":51,"39":51,"40":10,"41":3,"42":7,"43":41,"44":41,"45":4,"46":41,"47":35,"48":69,"49":18,"50":18,"51":8,"52":18,"53":51,"54":51,"55":45,"56":15,"57":30,"58":7,"59":23,"60":23,"61":23,"62":53,"63":52,"64":52,"65":52,"66":69},"b":{"1":[1,46],"2":[21,25],"3":[0,28],"4":[1,27],"5":[171,11],"6":[4,49],"7":[35,14],"8":[8,6],"9":[10,41],"10":[3,7],"11":[4,37],"12":[6,35],"13":[18,51],"14":[8,10],"15":[15,30],"16":[7,23],"17":[1,52]},"f":{"1":61,"2":27,"3":47,"4":28,"5":182,"6":35,"7":51,"8":69,"9":53},"fnMap":{"1":{"name":"transform","line":38,"loc":{"start":{"line":38,"column":4},"end":{"line":55,"column":4}}},"2":{"name":"initialize","line":62,"loc":{"start":{"line":62,"column":4},"end":{"line":73,"column":4}}},"3":{"name":"write","line":88,"loc":{"start":{"line":88,"column":4},"end":{"line":113,"column":4}}},"4":{"name":"grow","line":120,"loc":{"start":{"line":120,"column":4},"end":{"line":134,"column":4}}},"5":{"name":"lte","line":142,"loc":{"start":{"line":142,"column":4},"end":{"line":156,"column":4}}},"6":{"name":"binarySearch","line":169,"loc":{"start":{"line":169,"column":4},"end":{"line":202,"column":4}}},"7":{"name":"getSurroundingObservations","line":216,"loc":{"start":{"line":216,"column":4},"end":{"line":251,"column":4}}},"8":{"name":"observeSingle","line":266,"loc":{"start":{"line":266,"column":4},"end":{"line":318,"column":4}}},"9":{"name":"observe","line":331,"loc":{"start":{"line":331,"column":4},"end":{"line":357,"column":4}}}},"statementMap":{"1":{"start":{"line":45,"column":12},"end":{"line":45,"column":63}},"2":{"start":{"line":46,"column":12},"end":{"line":46,"column":2575}},"3":{"start":{"line":66,"column":8},"end":{"line":66,"column":3612}},"4":{"start":{"line":72,"column":8},"end":{"line":72,"column":21}},"5":{"start":{"line":98,"column":12},"end":{"line":98,"column":49}},"6":{"start":{"line":101,"column":12},"end":{"line":101,"column":82}},"7":{"start":{"line":101,"column":55},"end":{"line":101,"column":82}},"8":{"start":{"line":104,"column":12},"end":{"line":104,"column":5611}},"9":{"start":{"line":105,"column":16},"end":{"line":105,"column":51}},"10":{"start":{"line":107,"column":16},"end":{"line":107,"column":47}},"11":{"start":{"line":110,"column":12},"end":{"line":110,"column":58}},"12":{"start":{"line":111,"column":12},"end":{"line":111,"column":80}},"13":{"start":{"line":126,"column":12},"end":{"line":126,"column":68}},"14":{"start":{"line":128,"column":12},"end":{"line":128,"column":47}},"15":{"start":{"line":128,"column":33},"end":{"line":128,"column":47}},"16":{"start":{"line":131,"column":12},"end":{"line":131,"column":78}},"17":{"start":{"line":131,"column":52},"end":{"line":131,"column":77}},"18":{"start":{"line":132,"column":12},"end":{"line":132,"column":23}},"19":{"start":{"line":149,"column":12},"end":{"line":149,"column":53}},"20":{"start":{"line":149,"column":40},"end":{"line":149,"column":53}},"21":{"start":{"line":151,"column":12},"end":{"line":151,"column":56}},"22":{"start":{"line":152,"column":12},"end":{"line":152,"column":56}},"23":{"start":{"line":154,"column":12},"end":{"line":154,"column":41}},"24":{"start":{"line":177,"column":12},"end":{"line":177,"column":49}},"25":{"start":{"line":178,"column":12},"end":{"line":178,"column":43}},"26":{"start":{"line":179,"column":12},"end":{"line":179,"column":21}},"27":{"start":{"line":180,"column":12},"end":{"line":180,"column":9242}},"28":{"start":{"line":181,"column":16},"end":{"line":181,"column":30}},"29":{"start":{"line":183,"column":16},"end":{"line":183,"column":49}},"30":{"start":{"line":186,"column":16},"end":{"line":186,"column":9460}},"31":{"start":{"line":187,"column":20},"end":{"line":187,"column":28}},"32":{"start":{"line":191,"column":16},"end":{"line":191,"column":54}},"33":{"start":{"line":193,"column":16},"end":{"line":193,"column":83}},"34":{"start":{"line":196,"column":16},"end":{"line":196,"column":89}},"35":{"start":{"line":198,"column":16},"end":{"line":198,"column":9889}},"36":{"start":{"line":198,"column":38},"end":{"line":198,"column":46}},"37":{"start":{"line":199,"column":21},"end":{"line":199,"column":29}},"38":{"start":{"line":227,"column":12},"end":{"line":227,"column":35}},"39":{"start":{"line":230,"column":12},"end":{"line":230,"column":11540}},"40":{"start":{"line":231,"column":16},"end":{"line":231,"column":11612}},"41":{"start":{"line":233,"column":20},"end":{"line":233,"column":50}},"42":{"start":{"line":236,"column":20},"end":{"line":236,"column":87}},"43":{"start":{"line":241,"column":12},"end":{"line":241,"column":55}},"44":{"start":{"line":242,"column":12},"end":{"line":242,"column":61}},"45":{"start":{"line":242,"column":41},"end":{"line":242,"column":60}},"46":{"start":{"line":245,"column":12},"end":{"line":245,"column":12377}},"47":{"start":{"line":249,"column":12},"end":{"line":249,"column":71}},"48":{"start":{"line":276,"column":12},"end":{"line":276,"column":14048}},"49":{"start":{"line":277,"column":16},"end":{"line":277,"column":53}},"50":{"start":{"line":278,"column":16},"end":{"line":278,"column":94}},"51":{"start":{"line":278,"column":49},"end":{"line":278,"column":93}},"52":{"start":{"line":279,"column":16},"end":{"line":279,"column":84}},"53":{"start":{"line":282,"column":12},"end":{"line":282,"column":45}},"54":{"start":{"line":284,"column":12},"end":{"line":284,"column":14384}},"55":{"start":{"line":294,"column":12},"end":{"line":294,"column":14671}},"56":{"start":{"line":296,"column":16},"end":{"line":296,"column":96}},"57":{"start":{"line":297,"column":19},"end":{"line":297,"column":14877}},"58":{"start":{"line":299,"column":16},"end":{"line":299,"column":94}},"59":{"start":{"line":302,"column":16},"end":{"line":302,"column":98}},"60":{"start":{"line":303,"column":16},"end":{"line":303,"column":71}},"61":{"start":{"line":304,"column":16},"end":{"line":304,"column":15316}},"62":{"start":{"line":341,"column":12},"end":{"line":341,"column":72}},"63":{"start":{"line":343,"column":12},"end":{"line":343,"column":60}},"64":{"start":{"line":344,"column":12},"end":{"line":344,"column":81}},"65":{"start":{"line":345,"column":12},"end":{"line":345,"column":17517}},"66":{"start":{"line":346,"column":16},"end":{"line":346,"column":17588}}},"branchMap":{"1":{"line":101,"type":"if","locations":[{"start":{"line":101,"column":12},"end":{"line":101,"column":12}},{"start":{"line":101,"column":12},"end":{"line":101,"column":12}}]},"2":{"line":104,"type":"if","locations":[{"start":{"line":104,"column":12},"end":{"line":104,"column":12}},{"start":{"line":104,"column":12},"end":{"line":104,"column":12}}]},"3":{"line":126,"type":"if","locations":[{"start":{"line":126,"column":12},"end":{"line":126,"column":12}},{"start":{"line":126,"column":12},"end":{"line":126,"column":12}}]},"4":{"line":128,"type":"if","locations":[{"start":{"line":128,"column":12},"end":{"line":128,"column":12}},{"start":{"line":128,"column":12},"end":{"line":128,"column":12}}]},"5":{"line":149,"type":"if","locations":[{"start":{"line":149,"column":12},"end":{"line":149,"column":12}},{"start":{"line":149,"column":12},"end":{"line":149,"column":12}}]},"6":{"line":186,"type":"if","locations":[{"start":{"line":186,"column":16},"end":{"line":186,"column":16}},{"start":{"line":186,"column":16},"end":{"line":186,"column":16}}]},"7":{"line":196,"type":"if","locations":[{"start":{"line":196,"column":16},"end":{"line":196,"column":16}},{"start":{"line":196,"column":16},"end":{"line":196,"column":16}}]},"8":{"line":198,"type":"if","locations":[{"start":{"line":198,"column":16},"end":{"line":198,"column":16}},{"start":{"line":198,"column":16},"end":{"line":198,"column":16}}]},"9":{"line":230,"type":"if","locations":[{"start":{"line":230,"column":12},"end":{"line":230,"column":12}},{"start":{"line":230,"column":12},"end":{"line":230,"column":12}}]},"10":{"line":231,"type":"if","locations":[{"start":{"line":231,"column":16},"end":{"line":231,"column":16}},{"start":{"line":231,"column":16},"end":{"line":231,"column":16}}]},"11":{"line":242,"type":"if","locations":[{"start":{"line":242,"column":12},"end":{"line":242,"column":12}},{"start":{"line":242,"column":12},"end":{"line":242,"column":12}}]},"12":{"line":245,"type":"if","locations":[{"start":{"line":245,"column":12},"end":{"line":245,"column":12}},{"start":{"line":245,"column":12},"end":{"line":245,"column":12}}]},"13":{"line":276,"type":"if","locations":[{"start":{"line":276,"column":12},"end":{"line":276,"column":12}},{"start":{"line":276,"column":12},"end":{"line":276,"column":12}}]},"14":{"line":278,"type":"if","locations":[{"start":{"line":278,"column":16},"end":{"line":278,"column":16}},{"start":{"line":278,"column":16},"end":{"line":278,"column":16}}]},"15":{"line":294,"type":"if","locations":[{"start":{"line":294,"column":12},"end":{"line":294,"column":12}},{"start":{"line":294,"column":12},"end":{"line":294,"column":12}}]},"16":{"line":297,"type":"if","locations":[{"start":{"line":297,"column":19},"end":{"line":297,"column":19}},{"start":{"line":297,"column":19},"end":{"line":297,"column":19}}]},"17":{"line":341,"type":"if","locations":[{"start":{"line":341,"column":12},"end":{"line":341,"column":12}},{"start":{"line":341,"column":12},"end":{"line":341,"column":12}}]}}},"contracts/libraries/Pool.sol":{"l":{"88":11,"89":11,"90":11,"98":20,"100":20,"102":20,"106":1,"108":1,"139":12,"141":11,"143":11,"144":11,"146":11,"147":11,"155":11,"164":11,"165":11,"166":11,"167":0,"168":11,"169":0,"172":11,"173":11,"175":11,"176":11,"180":11,"188":11,"192":11,"193":11,"196":11,"197":0,"198":0,"200":0,"201":0,"206":11,"207":11,"210":0,"216":11,"221":11,"227":11,"233":0,"299":8,"301":8,"302":8,"303":7,"304":6,"305":0,"306":6,"307":0,"309":1,"310":0,"311":1,"312":0,"315":7,"320":7,"322":7,"332":7,"333":13,"335":13,"337":13,"344":13,"345":0,"347":0,"351":13,"354":13,"368":13,"370":12,"371":12,"373":12,"375":1,"376":1,"378":1,"382":13,"384":4,"386":4,"387":4,"388":4,"393":13,"394":9,"395":9,"400":13,"402":6,"403":0,"410":0,"411":0,"414":0,"419":6,"420":6,"424":7,"428":7,"431":7,"434":7,"435":6,"437":1,"440":7,"441":7,"453":4,"454":2,"455":2,"456":2,"457":2,"458":2,"459":2,"460":2},"path":"/Users/emily/code/uniswap/core-next/contracts/libraries/Pool.sol","s":{"1":11,"2":11,"3":11,"4":20,"5":20,"6":20,"7":1,"8":1,"9":12,"10":11,"11":11,"12":11,"13":11,"14":11,"15":11,"16":11,"17":11,"18":11,"19":11,"20":11,"21":11,"22":11,"23":11,"24":11,"25":11,"26":11,"27":11,"28":0,"29":0,"30":0,"31":0,"32":11,"33":11,"34":0,"35":11,"36":11,"37":11,"38":11,"39":0,"40":8,"41":8,"42":8,"43":7,"44":6,"45":6,"46":1,"47":1,"48":7,"49":7,"50":7,"51":7,"52":13,"53":13,"54":13,"55":13,"56":0,"57":13,"58":0,"59":13,"60":13,"61":13,"62":12,"63":12,"64":1,"65":1,"66":13,"67":4,"68":4,"69":4,"70":13,"71":9,"72":13,"73":6,"74":0,"75":0,"76":0,"77":0,"78":6,"79":7,"80":7,"81":7,"82":7,"83":0,"84":7,"85":6,"86":1,"87":7,"88":4,"89":2,"90":2,"91":2,"92":2,"93":2,"94":2},"b":{"1":[0,11],"2":[0,11],"3":[0,11],"4":[0,20],"5":[0,1],"6":[1,11],"7":[11,0],"8":[11,0],"9":[0,11],"10":[0,11],"11":[11,0],"12":[11,0],"13":[0,11],"14":[0,0],"15":[0,0],"16":[11,0],"17":[0,11],"18":[11,0],"19":[0,8],"20":[1,7],"21":[6,1],"22":[0,6],"23":[0,6],"24":[0,1],"25":[0,1],"26":[0,13],"27":[0,13],"28":[12,1],"29":[4,9],"30":[9,4],"31":[6,7],"32":[0,6],"33":[0,0],"34":[7,0],"35":[0,7],"36":[6,1],"37":[2,2],"38":[2,0],"39":[2,0]},"f":{"1":11,"2":20,"3":1,"4":12,"5":8,"6":4},"fnMap":{"1":{"name":"checkTicks","line":87,"loc":{"start":{"line":87,"column":4},"end":{"line":91,"column":4}}},"2":{"name":"initialize","line":93,"loc":{"start":{"line":93,"column":4},"end":{"line":103,"column":4}}},"3":{"name":"setProtocolFee","line":105,"loc":{"start":{"line":105,"column":4},"end":{"line":109,"column":4}}},"4":{"name":"modifyPosition","line":135,"loc":{"start":{"line":135,"column":4},"end":{"line":240,"column":4}}},"5":{"name":"swap","line":291,"loc":{"start":{"line":291,"column":4},"end":{"line":445,"column":4}}},"6":{"name":"donate","line":448,"loc":{"start":{"line":448,"column":4},"end":{"line":462,"column":4}}}},"statementMap":{"1":{"start":{"line":88,"column":8},"end":{"line":88,"column":80}},"2":{"start":{"line":89,"column":8},"end":{"line":89,"column":81}},"3":{"start":{"line":90,"column":8},"end":{"line":90,"column":81}},"4":{"start":{"line":98,"column":8},"end":{"line":98,"column":73}},"5":{"start":{"line":100,"column":8},"end":{"line":100,"column":55}},"6":{"start":{"line":102,"column":8},"end":{"line":102,"column":93}},"7":{"start":{"line":106,"column":8},"end":{"line":106,"column":69}},"8":{"start":{"line":108,"column":8},"end":{"line":108,"column":46}},"9":{"start":{"line":139,"column":8},"end":{"line":139,"column":69}},"10":{"start":{"line":141,"column":8},"end":{"line":141,"column":53}},"11":{"start":{"line":144,"column":12},"end":{"line":144,"column":44}},"12":{"start":{"line":146,"column":12},"end":{"line":146,"column":5567}},"13":{"start":{"line":147,"column":16},"end":{"line":147,"column":5621}},"14":{"start":{"line":155,"column":16},"end":{"line":155,"column":5968}},"15":{"start":{"line":164,"column":16},"end":{"line":164,"column":6315}},"16":{"start":{"line":165,"column":20},"end":{"line":165,"column":107}},"17":{"start":{"line":166,"column":20},"end":{"line":166,"column":6531}},"18":{"start":{"line":168,"column":20},"end":{"line":168,"column":6681}},"19":{"start":{"line":172,"column":16},"end":{"line":172,"column":6792}},"20":{"start":{"line":173,"column":20},"end":{"line":173,"column":81}},"21":{"start":{"line":175,"column":16},"end":{"line":175,"column":6936}},"22":{"start":{"line":176,"column":20},"end":{"line":176,"column":81}},"23":{"start":{"line":180,"column":12},"end":{"line":180,"column":7087}},"24":{"start":{"line":188,"column":12},"end":{"line":188,"column":7481}},"25":{"start":{"line":192,"column":12},"end":{"line":192,"column":49}},"26":{"start":{"line":193,"column":12},"end":{"line":193,"column":49}},"27":{"start":{"line":196,"column":12},"end":{"line":196,"column":7816}},"28":{"start":{"line":197,"column":16},"end":{"line":197,"column":7869}},"29":{"start":{"line":198,"column":20},"end":{"line":198,"column":53}},"30":{"start":{"line":200,"column":16},"end":{"line":200,"column":7985}},"31":{"start":{"line":201,"column":20},"end":{"line":201,"column":53}},"32":{"start":{"line":206,"column":8},"end":{"line":206,"column":8110}},"33":{"start":{"line":207,"column":12},"end":{"line":207,"column":8160}},"34":{"start":{"line":210,"column":16},"end":{"line":210,"column":8451}},"35":{"start":{"line":215,"column":19},"end":{"line":215,"column":8710}},"36":{"start":{"line":216,"column":16},"end":{"line":216,"column":8772}},"37":{"start":{"line":221,"column":16},"end":{"line":221,"column":9010}},"38":{"start":{"line":227,"column":16},"end":{"line":227,"column":9301}},"39":{"start":{"line":233,"column":16},"end":{"line":233,"column":9700}},"40":{"start":{"line":299,"column":8},"end":{"line":299,"column":72}},"41":{"start":{"line":301,"column":8},"end":{"line":301,"column":44}},"42":{"start":{"line":302,"column":8},"end":{"line":302,"column":69}},"43":{"start":{"line":303,"column":8},"end":{"line":303,"column":12094}},"44":{"start":{"line":304,"column":12},"end":{"line":304,"column":12222}},"45":{"start":{"line":306,"column":12},"end":{"line":306,"column":12363}},"46":{"start":{"line":309,"column":12},"end":{"line":309,"column":12550}},"47":{"start":{"line":311,"column":12},"end":{"line":311,"column":12691}},"48":{"start":{"line":315,"column":8},"end":{"line":315,"column":12779}},"49":{"start":{"line":320,"column":8},"end":{"line":320,"column":52}},"50":{"start":{"line":322,"column":8},"end":{"line":322,"column":13042}},"51":{"start":{"line":332,"column":8},"end":{"line":332,"column":13531}},"52":{"start":{"line":333,"column":12},"end":{"line":333,"column":40}},"53":{"start":{"line":335,"column":12},"end":{"line":335,"column":54}},"54":{"start":{"line":337,"column":12},"end":{"line":337,"column":13744}},"55":{"start":{"line":344,"column":12},"end":{"line":344,"column":14069}},"56":{"start":{"line":345,"column":16},"end":{"line":345,"column":48}},"57":{"start":{"line":346,"column":19},"end":{"line":346,"column":14180}},"58":{"start":{"line":347,"column":16},"end":{"line":347,"column":48}},"59":{"start":{"line":351,"column":12},"end":{"line":351,"column":77}},"60":{"start":{"line":354,"column":12},"end":{"line":354,"column":14546}},"61":{"start":{"line":368,"column":12},"end":{"line":368,"column":15130}},"62":{"start":{"line":371,"column":20},"end":{"line":371,"column":96}},"63":{"start":{"line":373,"column":16},"end":{"line":373,"column":90}},"64":{"start":{"line":376,"column":20},"end":{"line":376,"column":78}},"65":{"start":{"line":378,"column":16},"end":{"line":378,"column":108}},"66":{"start":{"line":382,"column":12},"end":{"line":382,"column":15885}},"67":{"start":{"line":384,"column":16},"end":{"line":384,"column":66}},"68":{"start":{"line":387,"column":20},"end":{"line":387,"column":42}},"69":{"start":{"line":388,"column":20},"end":{"line":388,"column":42}},"70":{"start":{"line":393,"column":12},"end":{"line":393,"column":16357}},"71":{"start":{"line":395,"column":20},"end":{"line":395,"column":116}},"72":{"start":{"line":400,"column":12},"end":{"line":400,"column":16631}},"73":{"start":{"line":402,"column":16},"end":{"line":402,"column":16773}},"74":{"start":{"line":403,"column":20},"end":{"line":403,"column":16822}},"75":{"start":{"line":411,"column":24},"end":{"line":411,"column":75}},"76":{"start":{"line":411,"column":47},"end":{"line":411,"column":74}},"77":{"start":{"line":414,"column":20},"end":{"line":414,"column":17492}},"78":{"start":{"line":420,"column":20},"end":{"line":420,"column":85}},"79":{"start":{"line":422,"column":19},"end":{"line":422,"column":17781}},"80":{"start":{"line":424,"column":16},"end":{"line":424,"column":75}},"81":{"start":{"line":428,"column":8},"end":{"line":428,"column":84}},"82":{"start":{"line":431,"column":8},"end":{"line":431,"column":85}},"83":{"start":{"line":431,"column":53},"end":{"line":431,"column":84}},"84":{"start":{"line":434,"column":8},"end":{"line":434,"column":18314}},"85":{"start":{"line":435,"column":12},"end":{"line":435,"column":64}},"86":{"start":{"line":437,"column":12},"end":{"line":437,"column":64}},"87":{"start":{"line":441,"column":12},"end":{"line":441,"column":18623}},"88":{"start":{"line":453,"column":8},"end":{"line":453,"column":67}},"89":{"start":{"line":454,"column":8},"end":{"line":454,"column":41}},"90":{"start":{"line":455,"column":8},"end":{"line":455,"column":41}},"91":{"start":{"line":457,"column":12},"end":{"line":457,"column":19345}},"92":{"start":{"line":458,"column":16},"end":{"line":458,"column":106}},"93":{"start":{"line":459,"column":12},"end":{"line":459,"column":19483}},"94":{"start":{"line":460,"column":16},"end":{"line":460,"column":106}}},"branchMap":{"1":{"line":88,"type":"if","locations":[{"start":{"line":88,"column":8},"end":{"line":88,"column":8}},{"start":{"line":88,"column":8},"end":{"line":88,"column":8}}]},"2":{"line":89,"type":"if","locations":[{"start":{"line":89,"column":8},"end":{"line":89,"column":8}},{"start":{"line":89,"column":8},"end":{"line":89,"column":8}}]},"3":{"line":90,"type":"if","locations":[{"start":{"line":90,"column":8},"end":{"line":90,"column":8}},{"start":{"line":90,"column":8},"end":{"line":90,"column":8}}]},"4":{"line":98,"type":"if","locations":[{"start":{"line":98,"column":8},"end":{"line":98,"column":8}},{"start":{"line":98,"column":8},"end":{"line":98,"column":8}}]},"5":{"line":106,"type":"if","locations":[{"start":{"line":106,"column":8},"end":{"line":106,"column":8}},{"start":{"line":106,"column":8},"end":{"line":106,"column":8}}]},"6":{"line":139,"type":"if","locations":[{"start":{"line":139,"column":8},"end":{"line":139,"column":8}},{"start":{"line":139,"column":8},"end":{"line":139,"column":8}}]},"7":{"line":146,"type":"if","locations":[{"start":{"line":146,"column":12},"end":{"line":146,"column":12}},{"start":{"line":146,"column":12},"end":{"line":146,"column":12}}]},"8":{"line":164,"type":"if","locations":[{"start":{"line":164,"column":16},"end":{"line":164,"column":16}},{"start":{"line":164,"column":16},"end":{"line":164,"column":16}}]},"9":{"line":166,"type":"if","locations":[{"start":{"line":166,"column":20},"end":{"line":166,"column":20}},{"start":{"line":166,"column":20},"end":{"line":166,"column":20}}]},"10":{"line":168,"type":"if","locations":[{"start":{"line":168,"column":20},"end":{"line":168,"column":20}},{"start":{"line":168,"column":20},"end":{"line":168,"column":20}}]},"11":{"line":172,"type":"if","locations":[{"start":{"line":172,"column":16},"end":{"line":172,"column":16}},{"start":{"line":172,"column":16},"end":{"line":172,"column":16}}]},"12":{"line":175,"type":"if","locations":[{"start":{"line":175,"column":16},"end":{"line":175,"column":16}},{"start":{"line":175,"column":16},"end":{"line":175,"column":16}}]},"13":{"line":196,"type":"if","locations":[{"start":{"line":196,"column":12},"end":{"line":196,"column":12}},{"start":{"line":196,"column":12},"end":{"line":196,"column":12}}]},"14":{"line":197,"type":"if","locations":[{"start":{"line":197,"column":16},"end":{"line":197,"column":16}},{"start":{"line":197,"column":16},"end":{"line":197,"column":16}}]},"15":{"line":200,"type":"if","locations":[{"start":{"line":200,"column":16},"end":{"line":200,"column":16}},{"start":{"line":200,"column":16},"end":{"line":200,"column":16}}]},"16":{"line":206,"type":"if","locations":[{"start":{"line":206,"column":8},"end":{"line":206,"column":8}},{"start":{"line":206,"column":8},"end":{"line":206,"column":8}}]},"17":{"line":207,"type":"if","locations":[{"start":{"line":207,"column":12},"end":{"line":207,"column":12}},{"start":{"line":207,"column":12},"end":{"line":207,"column":12}}]},"18":{"line":215,"type":"if","locations":[{"start":{"line":215,"column":19},"end":{"line":215,"column":19}},{"start":{"line":215,"column":19},"end":{"line":215,"column":19}}]},"19":{"line":299,"type":"if","locations":[{"start":{"line":299,"column":8},"end":{"line":299,"column":8}},{"start":{"line":299,"column":8},"end":{"line":299,"column":8}}]},"20":{"line":302,"type":"if","locations":[{"start":{"line":302,"column":8},"end":{"line":302,"column":8}},{"start":{"line":302,"column":8},"end":{"line":302,"column":8}}]},"21":{"line":303,"type":"if","locations":[{"start":{"line":303,"column":8},"end":{"line":303,"column":8}},{"start":{"line":303,"column":8},"end":{"line":303,"column":8}}]},"22":{"line":304,"type":"if","locations":[{"start":{"line":304,"column":12},"end":{"line":304,"column":12}},{"start":{"line":304,"column":12},"end":{"line":304,"column":12}}]},"23":{"line":306,"type":"if","locations":[{"start":{"line":306,"column":12},"end":{"line":306,"column":12}},{"start":{"line":306,"column":12},"end":{"line":306,"column":12}}]},"24":{"line":309,"type":"if","locations":[{"start":{"line":309,"column":12},"end":{"line":309,"column":12}},{"start":{"line":309,"column":12},"end":{"line":309,"column":12}}]},"25":{"line":311,"type":"if","locations":[{"start":{"line":311,"column":12},"end":{"line":311,"column":12}},{"start":{"line":311,"column":12},"end":{"line":311,"column":12}}]},"26":{"line":344,"type":"if","locations":[{"start":{"line":344,"column":12},"end":{"line":344,"column":12}},{"start":{"line":344,"column":12},"end":{"line":344,"column":12}}]},"27":{"line":346,"type":"if","locations":[{"start":{"line":346,"column":19},"end":{"line":346,"column":19}},{"start":{"line":346,"column":19},"end":{"line":346,"column":19}}]},"28":{"line":368,"type":"if","locations":[{"start":{"line":368,"column":12},"end":{"line":368,"column":12}},{"start":{"line":368,"column":12},"end":{"line":368,"column":12}}]},"29":{"line":382,"type":"if","locations":[{"start":{"line":382,"column":12},"end":{"line":382,"column":12}},{"start":{"line":382,"column":12},"end":{"line":382,"column":12}}]},"30":{"line":393,"type":"if","locations":[{"start":{"line":393,"column":12},"end":{"line":393,"column":12}},{"start":{"line":393,"column":12},"end":{"line":393,"column":12}}]},"31":{"line":400,"type":"if","locations":[{"start":{"line":400,"column":12},"end":{"line":400,"column":12}},{"start":{"line":400,"column":12},"end":{"line":400,"column":12}}]},"32":{"line":402,"type":"if","locations":[{"start":{"line":402,"column":16},"end":{"line":402,"column":16}},{"start":{"line":402,"column":16},"end":{"line":402,"column":16}}]},"33":{"line":411,"type":"if","locations":[{"start":{"line":411,"column":24},"end":{"line":411,"column":24}},{"start":{"line":411,"column":24},"end":{"line":411,"column":24}}]},"34":{"line":422,"type":"if","locations":[{"start":{"line":422,"column":19},"end":{"line":422,"column":19}},{"start":{"line":422,"column":19},"end":{"line":422,"column":19}}]},"35":{"line":431,"type":"if","locations":[{"start":{"line":431,"column":8},"end":{"line":431,"column":8}},{"start":{"line":431,"column":8},"end":{"line":431,"column":8}}]},"36":{"line":434,"type":"if","locations":[{"start":{"line":434,"column":8},"end":{"line":434,"column":8}},{"start":{"line":434,"column":8},"end":{"line":434,"column":8}}]},"37":{"line":453,"type":"if","locations":[{"start":{"line":453,"column":8},"end":{"line":453,"column":8}},{"start":{"line":453,"column":8},"end":{"line":453,"column":8}}]},"38":{"line":457,"type":"if","locations":[{"start":{"line":457,"column":12},"end":{"line":457,"column":12}},{"start":{"line":457,"column":12},"end":{"line":457,"column":12}}]},"39":{"line":459,"type":"if","locations":[{"start":{"line":459,"column":12},"end":{"line":459,"column":12}},{"start":{"line":459,"column":12},"end":{"line":459,"column":12}}]}}},"contracts/libraries/PoolId.sol":{"l":{"9":50},"path":"/Users/emily/code/uniswap/core-next/contracts/libraries/PoolId.sol","s":{"1":50},"b":{},"f":{"1":50},"fnMap":{"1":{"name":"toId","line":8,"loc":{"start":{"line":8,"column":4},"end":{"line":10,"column":4}}}},"statementMap":{"1":{"start":{"line":9,"column":8},"end":{"line":9,"column":45}}},"branchMap":{}},"contracts/libraries/Position.sol":{"l":{"35":11,"51":11,"53":11,"54":11,"55":0,"56":0,"58":11,"64":11,"65":11,"70":11,"78":11,"79":11,"80":11},"path":"/Users/emily/code/uniswap/core-next/contracts/libraries/Position.sol","s":{"1":11,"2":11,"3":11,"4":11,"5":0,"6":0,"7":11,"8":11,"9":11,"10":11,"11":11,"12":11,"13":11},"b":{"1":[0,11],"2":[0,0],"3":[11,0]},"f":{"1":11,"2":11},"fnMap":{"1":{"name":"get","line":29,"loc":{"start":{"line":29,"column":4},"end":{"line":36,"column":4}}},"2":{"name":"update","line":45,"loc":{"start":{"line":45,"column":4},"end":{"line":81,"column":4}}}},"statementMap":{"1":{"start":{"line":35,"column":8},"end":{"line":35,"column":80}},"2":{"start":{"line":51,"column":8},"end":{"line":51,"column":32}},"3":{"start":{"line":53,"column":8},"end":{"line":53,"column":29}},"4":{"start":{"line":54,"column":8},"end":{"line":54,"column":2441}},"5":{"start":{"line":55,"column":12},"end":{"line":55,"column":72}},"6":{"start":{"line":56,"column":12},"end":{"line":56,"column":42}},"7":{"start":{"line":58,"column":12},"end":{"line":58,"column":2710}},"8":{"start":{"line":65,"column":12},"end":{"line":65,"column":2957}},"9":{"start":{"line":70,"column":12},"end":{"line":70,"column":3152}},"10":{"start":{"line":78,"column":8},"end":{"line":78,"column":63}},"11":{"start":{"line":78,"column":33},"end":{"line":78,"column":62}},"12":{"start":{"line":79,"column":8},"end":{"line":79,"column":59}},"13":{"start":{"line":80,"column":8},"end":{"line":80,"column":59}}},"branchMap":{"1":{"line":54,"type":"if","locations":[{"start":{"line":54,"column":8},"end":{"line":54,"column":8}},{"start":{"line":54,"column":8},"end":{"line":54,"column":8}}]},"2":{"line":55,"type":"if","locations":[{"start":{"line":55,"column":12},"end":{"line":55,"column":12}},{"start":{"line":55,"column":12},"end":{"line":55,"column":12}}]},"3":{"line":78,"type":"if","locations":[{"start":{"line":78,"column":8},"end":{"line":78,"column":8}},{"start":{"line":78,"column":8},"end":{"line":78,"column":8}}]}}},"contracts/libraries/SafeCast.sol":{"l":{"11":12,"18":12,"25":123,"26":123,"33":82},"path":"/Users/emily/code/uniswap/core-next/contracts/libraries/SafeCast.sol","s":{"1":12,"2":12,"3":123,"4":123,"5":82},"b":{"1":[11,1],"2":[12,0],"3":[123,0],"4":[82,0]},"f":{"1":12,"2":12,"3":123,"4":82},"fnMap":{"1":{"name":"toUint160","line":10,"loc":{"start":{"line":10,"column":4},"end":{"line":12,"column":4}}},"2":{"name":"toInt128","line":17,"loc":{"start":{"line":17,"column":4},"end":{"line":19,"column":4}}},"3":{"name":"toInt256","line":24,"loc":{"start":{"line":24,"column":4},"end":{"line":27,"column":4}}},"4":{"name":"toInt248","line":32,"loc":{"start":{"line":32,"column":4},"end":{"line":34,"column":4}}}},"statementMap":{"1":{"start":{"line":11,"column":8},"end":{"line":11,"column":37}},"2":{"start":{"line":18,"column":8},"end":{"line":18,"column":36}},"3":{"start":{"line":25,"column":8},"end":{"line":25,"column":26}},"4":{"start":{"line":26,"column":8},"end":{"line":26,"column":20}},"5":{"start":{"line":33,"column":8},"end":{"line":33,"column":36}}},"branchMap":{"1":{"line":11,"type":"if","locations":[{"start":{"line":11,"column":8},"end":{"line":11,"column":8}},{"start":{"line":11,"column":8},"end":{"line":11,"column":8}}]},"2":{"line":18,"type":"if","locations":[{"start":{"line":18,"column":8},"end":{"line":18,"column":8}},{"start":{"line":18,"column":8},"end":{"line":18,"column":8}}]},"3":{"line":25,"type":"if","locations":[{"start":{"line":25,"column":8},"end":{"line":25,"column":8}},{"start":{"line":25,"column":8},"end":{"line":25,"column":8}}]},"4":{"line":33,"type":"if","locations":[{"start":{"line":33,"column":8},"end":{"line":33,"column":8}},{"start":{"line":33,"column":8},"end":{"line":33,"column":8}}]}}},"contracts/libraries/SqrtPriceMath.sol":{"l":{"33":21,"34":19,"36":19,"37":10,"38":10,"39":10,"40":8,"41":8,"43":8,"47":2,"49":9,"50":9,"53":9,"54":5,"55":5,"78":14,"79":7,"85":7,"87":7,"93":6,"95":4,"112":20,"113":19,"116":18,"135":19,"136":18,"139":17,"159":47,"160":47,"162":47,"163":47,"165":47,"167":47,"190":39,"192":39,"208":11,"209":11,"226":11,"227":11},"path":"/Users/emily/code/uniswap/core-next/contracts/libraries/SqrtPriceMath.sol","s":{"1":21,"2":2,"3":19,"4":19,"5":10,"6":10,"7":8,"8":8,"9":8,"10":2,"11":9,"12":9,"13":5,"14":5,"15":14,"16":7,"17":7,"18":7,"19":6,"20":4,"21":20,"22":19,"23":18,"24":19,"25":18,"26":17,"27":47,"28":0,"29":47,"30":47,"31":47,"32":47,"33":39,"34":0,"35":39,"36":11,"37":11},"b":{"1":[2,19],"2":[10,9],"3":[8,2],"4":[8,0],"5":[5,4],"6":[7,7],"7":[4,2],"8":[19,1],"9":[18,1],"10":[18,1],"11":[17,1],"12":[0,47],"13":[47,0],"14":[0,39]},"f":{"1":21,"2":14,"3":20,"4":19,"5":47,"6":39,"7":11,"8":11},"fnMap":{"1":{"name":"getNextSqrtPriceFromAmount0RoundingUp","line":26,"loc":{"start":{"line":26,"column":4},"end":{"line":58,"column":4}}},"2":{"name":"getNextSqrtPriceFromAmount1RoundingDown","line":70,"loc":{"start":{"line":70,"column":4},"end":{"line":97,"column":4}}},"3":{"name":"getNextSqrtPriceFromInput","line":106,"loc":{"start":{"line":106,"column":4},"end":{"line":120,"column":4}}},"4":{"name":"getNextSqrtPriceFromOutput","line":129,"loc":{"start":{"line":129,"column":4},"end":{"line":143,"column":4}}},"5":{"name":"getAmount0Delta","line":153,"loc":{"start":{"line":153,"column":4},"end":{"line":175,"column":4}}},"6":{"name":"getAmount1Delta","line":184,"loc":{"start":{"line":184,"column":4},"end":{"line":196,"column":4}}},"7":{"name":"getAmount0Delta","line":203,"loc":{"start":{"line":203,"column":4},"end":{"line":214,"column":4}}},"8":{"name":"getAmount1Delta","line":221,"loc":{"start":{"line":221,"column":4},"end":{"line":232,"column":4}}}},"statementMap":{"1":{"start":{"line":33,"column":8},"end":{"line":33,"column":40}},"2":{"start":{"line":33,"column":25},"end":{"line":33,"column":40}},"3":{"start":{"line":34,"column":8},"end":{"line":34,"column":74}},"4":{"start":{"line":36,"column":8},"end":{"line":36,"column":1838}},"5":{"start":{"line":38,"column":16},"end":{"line":38,"column":31}},"6":{"start":{"line":39,"column":16},"end":{"line":39,"column":1930}},"7":{"start":{"line":40,"column":20},"end":{"line":40,"column":62}},"8":{"start":{"line":41,"column":20},"end":{"line":41,"column":2156}},"9":{"start":{"line":43,"column":24},"end":{"line":43,"column":100}},"10":{"start":{"line":47,"column":12},"end":{"line":47,"column":98}},"11":{"start":{"line":50,"column":16},"end":{"line":50,"column":31}},"12":{"start":{"line":53,"column":16},"end":{"line":53,"column":98}},"13":{"start":{"line":54,"column":16},"end":{"line":54,"column":58}},"14":{"start":{"line":55,"column":16},"end":{"line":55,"column":95}},"15":{"start":{"line":78,"column":8},"end":{"line":78,"column":4130}},"16":{"start":{"line":79,"column":12},"end":{"line":79,"column":4158}},"17":{"start":{"line":85,"column":12},"end":{"line":85,"column":61}},"18":{"start":{"line":87,"column":12},"end":{"line":87,"column":4476}},"19":{"start":{"line":93,"column":12},"end":{"line":93,"column":39}},"20":{"start":{"line":95,"column":12},"end":{"line":95,"column":47}},"21":{"start":{"line":112,"column":8},"end":{"line":112,"column":28}},"22":{"start":{"line":113,"column":8},"end":{"line":113,"column":29}},"23":{"start":{"line":116,"column":8},"end":{"line":116,"column":5833}},"24":{"start":{"line":135,"column":8},"end":{"line":135,"column":28}},"25":{"start":{"line":136,"column":8},"end":{"line":136,"column":29}},"26":{"start":{"line":139,"column":8},"end":{"line":139,"column":6925}},"27":{"start":{"line":160,"column":12},"end":{"line":160,"column":110}},"28":{"start":{"line":160,"column":47},"end":{"line":160,"column":109}},"29":{"start":{"line":162,"column":12},"end":{"line":162,"column":78}},"30":{"start":{"line":163,"column":12},"end":{"line":163,"column":62}},"31":{"start":{"line":165,"column":12},"end":{"line":165,"column":37}},"32":{"start":{"line":167,"column":12},"end":{"line":167,"column":8214}},"33":{"start":{"line":190,"column":8},"end":{"line":190,"column":106}},"34":{"start":{"line":190,"column":43},"end":{"line":190,"column":105}},"35":{"start":{"line":192,"column":8},"end":{"line":192,"column":9309}},"36":{"start":{"line":209,"column":12},"end":{"line":209,"column":10087}},"37":{"start":{"line":227,"column":12},"end":{"line":227,"column":10889}}},"branchMap":{"1":{"line":33,"type":"if","locations":[{"start":{"line":33,"column":8},"end":{"line":33,"column":8}},{"start":{"line":33,"column":8},"end":{"line":33,"column":8}}]},"2":{"line":36,"type":"if","locations":[{"start":{"line":36,"column":8},"end":{"line":36,"column":8}},{"start":{"line":36,"column":8},"end":{"line":36,"column":8}}]},"3":{"line":39,"type":"if","locations":[{"start":{"line":39,"column":16},"end":{"line":39,"column":16}},{"start":{"line":39,"column":16},"end":{"line":39,"column":16}}]},"4":{"line":41,"type":"if","locations":[{"start":{"line":41,"column":20},"end":{"line":41,"column":20}},{"start":{"line":41,"column":20},"end":{"line":41,"column":20}}]},"5":{"line":53,"type":"if","locations":[{"start":{"line":53,"column":16},"end":{"line":53,"column":16}},{"start":{"line":53,"column":16},"end":{"line":53,"column":16}}]},"6":{"line":78,"type":"if","locations":[{"start":{"line":78,"column":8},"end":{"line":78,"column":8}},{"start":{"line":78,"column":8},"end":{"line":78,"column":8}}]},"7":{"line":93,"type":"if","locations":[{"start":{"line":93,"column":12},"end":{"line":93,"column":12}},{"start":{"line":93,"column":12},"end":{"line":93,"column":12}}]},"8":{"line":112,"type":"if","locations":[{"start":{"line":112,"column":8},"end":{"line":112,"column":8}},{"start":{"line":112,"column":8},"end":{"line":112,"column":8}}]},"9":{"line":113,"type":"if","locations":[{"start":{"line":113,"column":8},"end":{"line":113,"column":8}},{"start":{"line":113,"column":8},"end":{"line":113,"column":8}}]},"10":{"line":135,"type":"if","locations":[{"start":{"line":135,"column":8},"end":{"line":135,"column":8}},{"start":{"line":135,"column":8},"end":{"line":135,"column":8}}]},"11":{"line":136,"type":"if","locations":[{"start":{"line":136,"column":8},"end":{"line":136,"column":8}},{"start":{"line":136,"column":8},"end":{"line":136,"column":8}}]},"12":{"line":160,"type":"if","locations":[{"start":{"line":160,"column":12},"end":{"line":160,"column":12}},{"start":{"line":160,"column":12},"end":{"line":160,"column":12}}]},"13":{"line":165,"type":"if","locations":[{"start":{"line":165,"column":12},"end":{"line":165,"column":12}},{"start":{"line":165,"column":12},"end":{"line":165,"column":12}}]},"14":{"line":190,"type":"if","locations":[{"start":{"line":190,"column":8},"end":{"line":190,"column":8}},{"start":{"line":190,"column":8},"end":{"line":190,"column":8}}]}}},"contracts/libraries/SwapMath.sol":{"l":{"37":22,"38":22,"39":22,"41":22,"42":16,"43":16,"46":16,"48":6,"55":6,"58":6,"60":3,"68":22,"71":22,"72":15,"75":15,"79":7,"82":7,"88":22,"89":1,"92":22,"94":6,"96":16},"path":"/Users/emily/code/uniswap/core-next/contracts/libraries/SwapMath.sol","s":{"1":22,"2":22,"3":22,"4":16,"5":16,"6":16,"7":10,"8":6,"9":6,"10":6,"11":3,"12":3,"13":22,"14":22,"15":15,"16":15,"17":7,"18":7,"19":22,"20":1,"21":22,"22":6,"23":16},"b":{"1":[16,6],"2":[10,6],"3":[3,3],"4":[15,7],"5":[1,21],"6":[6,16]},"f":{"1":22},"fnMap":{"1":{"name":"computeSwapStep","line":21,"loc":{"start":{"line":21,"column":4},"end":{"line":99,"column":4}}}},"statementMap":{"1":{"start":{"line":38,"column":12},"end":{"line":38,"column":71}},"2":{"start":{"line":39,"column":12},"end":{"line":39,"column":47}},"3":{"start":{"line":41,"column":12},"end":{"line":41,"column":1978}},"4":{"start":{"line":42,"column":16},"end":{"line":42,"column":110}},"5":{"start":{"line":43,"column":16},"end":{"line":43,"column":2217}},"6":{"start":{"line":46,"column":16},"end":{"line":46,"column":2389}},"7":{"start":{"line":46,"column":56},"end":{"line":46,"column":92}},"8":{"start":{"line":48,"column":20},"end":{"line":48,"column":2508}},"9":{"start":{"line":55,"column":16},"end":{"line":55,"column":2880}},"10":{"start":{"line":58,"column":16},"end":{"line":58,"column":3054}},"11":{"start":{"line":58,"column":60},"end":{"line":58,"column":96}},"12":{"start":{"line":60,"column":20},"end":{"line":60,"column":3177}},"13":{"start":{"line":68,"column":12},"end":{"line":68,"column":61}},"14":{"start":{"line":71,"column":12},"end":{"line":71,"column":3554}},"15":{"start":{"line":72,"column":16},"end":{"line":72,"column":3682}},"16":{"start":{"line":75,"column":16},"end":{"line":75,"column":3865}},"17":{"start":{"line":79,"column":16},"end":{"line":79,"column":4071}},"18":{"start":{"line":82,"column":16},"end":{"line":82,"column":4254}},"19":{"start":{"line":88,"column":12},"end":{"line":88,"column":4435}},"20":{"start":{"line":89,"column":16},"end":{"line":89,"column":52}},"21":{"start":{"line":92,"column":12},"end":{"line":92,"column":4574}},"22":{"start":{"line":94,"column":16},"end":{"line":94,"column":62}},"23":{"start":{"line":96,"column":16},"end":{"line":96,"column":86}}},"branchMap":{"1":{"line":41,"type":"if","locations":[{"start":{"line":41,"column":12},"end":{"line":41,"column":12}},{"start":{"line":41,"column":12},"end":{"line":41,"column":12}}]},"2":{"line":46,"type":"if","locations":[{"start":{"line":46,"column":16},"end":{"line":46,"column":16}},{"start":{"line":46,"column":16},"end":{"line":46,"column":16}}]},"3":{"line":58,"type":"if","locations":[{"start":{"line":58,"column":16},"end":{"line":58,"column":16}},{"start":{"line":58,"column":16},"end":{"line":58,"column":16}}]},"4":{"line":71,"type":"if","locations":[{"start":{"line":71,"column":12},"end":{"line":71,"column":12}},{"start":{"line":71,"column":12},"end":{"line":71,"column":12}}]},"5":{"line":88,"type":"if","locations":[{"start":{"line":88,"column":12},"end":{"line":88,"column":12}},{"start":{"line":88,"column":12},"end":{"line":88,"column":12}}]},"6":{"line":92,"type":"if","locations":[{"start":{"line":92,"column":12},"end":{"line":92,"column":12}},{"start":{"line":92,"column":12},"end":{"line":92,"column":12}}]}}},"contracts/libraries/Tick.sol":{"l":{"33":17,"34":17,"59":18,"60":18,"61":18,"64":18,"65":18,"66":18,"67":17,"68":17,"70":1,"71":1,"75":18,"76":18,"77":18,"78":17,"79":17,"81":1,"82":1,"85":18,"86":18,"109":39,"111":39,"112":39,"116":39,"118":39,"120":31,"121":19,"122":19,"126":39,"129":39,"136":1,"151":3,"152":3,"153":3,"154":3,"155":3},"path":"/Users/emily/code/uniswap/core-next/contracts/libraries/Tick.sol","s":{"1":17,"2":18,"3":18,"4":18,"5":18,"6":18,"7":17,"8":17,"9":1,"10":1,"11":18,"12":18,"13":18,"14":17,"15":17,"16":1,"17":1,"18":18,"19":18,"20":39,"21":39,"22":39,"23":39,"24":39,"25":31,"26":19,"27":19,"28":39,"29":39,"30":3,"31":3,"32":3,"33":3},"b":{"1":[17,1],"2":[17,1],"3":[31,8],"4":[19,12]},"f":{"1":17,"2":18,"3":39,"4":1,"5":3},"fnMap":{"1":{"name":"tickSpacingToMaxLiquidityPerTick","line":32,"loc":{"start":{"line":32,"column":4},"end":{"line":40,"column":4}}},"2":{"name":"getFeeGrowthInside","line":51,"loc":{"start":{"line":51,"column":4},"end":{"line":88,"column":4}}},"3":{"name":"update","line":100,"loc":{"start":{"line":100,"column":4},"end":{"line":130,"column":4}}},"4":{"name":"clear","line":135,"loc":{"start":{"line":135,"column":4},"end":{"line":137,"column":4}}},"5":{"name":"cross","line":145,"loc":{"start":{"line":145,"column":4},"end":{"line":157,"column":4}}}},"statementMap":{"1":{"start":{"line":34,"column":12},"end":{"line":34,"column":1487}},"2":{"start":{"line":60,"column":12},"end":{"line":60,"column":48}},"3":{"start":{"line":61,"column":12},"end":{"line":61,"column":48}},"4":{"start":{"line":64,"column":12},"end":{"line":64,"column":39}},"5":{"start":{"line":65,"column":12},"end":{"line":65,"column":39}},"6":{"start":{"line":66,"column":12},"end":{"line":66,"column":3053}},"7":{"start":{"line":67,"column":16},"end":{"line":67,"column":64}},"8":{"start":{"line":68,"column":16},"end":{"line":68,"column":64}},"9":{"start":{"line":70,"column":16},"end":{"line":70,"column":87}},"10":{"start":{"line":71,"column":16},"end":{"line":71,"column":87}},"11":{"start":{"line":75,"column":12},"end":{"line":75,"column":39}},"12":{"start":{"line":76,"column":12},"end":{"line":76,"column":39}},"13":{"start":{"line":77,"column":12},"end":{"line":77,"column":3571}},"14":{"start":{"line":78,"column":16},"end":{"line":78,"column":64}},"15":{"start":{"line":79,"column":16},"end":{"line":79,"column":64}},"16":{"start":{"line":81,"column":16},"end":{"line":81,"column":87}},"17":{"start":{"line":82,"column":16},"end":{"line":82,"column":87}},"18":{"start":{"line":85,"column":12},"end":{"line":85,"column":98}},"19":{"start":{"line":86,"column":12},"end":{"line":86,"column":98}},"20":{"start":{"line":109,"column":8},"end":{"line":109,"column":43}},"21":{"start":{"line":111,"column":8},"end":{"line":111,"column":58}},"22":{"start":{"line":112,"column":8},"end":{"line":112,"column":5624}},"23":{"start":{"line":116,"column":8},"end":{"line":116,"column":74}},"24":{"start":{"line":118,"column":8},"end":{"line":118,"column":5825}},"25":{"start":{"line":120,"column":12},"end":{"line":120,"column":5986}},"26":{"start":{"line":121,"column":16},"end":{"line":121,"column":64}},"27":{"start":{"line":122,"column":16},"end":{"line":122,"column":64}},"28":{"start":{"line":126,"column":8},"end":{"line":126,"column":48}},"29":{"start":{"line":129,"column":8},"end":{"line":129,"column":106}},"30":{"start":{"line":152,"column":12},"end":{"line":152,"column":47}},"31":{"start":{"line":153,"column":12},"end":{"line":153,"column":89}},"32":{"start":{"line":154,"column":12},"end":{"line":154,"column":89}},"33":{"start":{"line":155,"column":12},"end":{"line":155,"column":43}}},"branchMap":{"1":{"line":66,"type":"if","locations":[{"start":{"line":66,"column":12},"end":{"line":66,"column":12}},{"start":{"line":66,"column":12},"end":{"line":66,"column":12}}]},"2":{"line":77,"type":"if","locations":[{"start":{"line":77,"column":12},"end":{"line":77,"column":12}},{"start":{"line":77,"column":12},"end":{"line":77,"column":12}}]},"3":{"line":118,"type":"if","locations":[{"start":{"line":118,"column":8},"end":{"line":118,"column":8}},{"start":{"line":118,"column":8},"end":{"line":118,"column":8}}]},"4":{"line":120,"type":"if","locations":[{"start":{"line":120,"column":12},"end":{"line":120,"column":12}},{"start":{"line":120,"column":12},"end":{"line":120,"column":12}}]}}},"contracts/libraries/TickBitmap.sol":{"l":{"15":259,"16":259,"17":259,"30":209,"31":209,"32":209,"33":209,"34":209,"52":50,"53":50,"54":50,"56":50,"57":39,"59":39,"60":39,"63":39,"65":39,"70":11,"72":11,"73":11,"76":11,"78":11},"path":"/Users/emily/code/uniswap/core-next/contracts/libraries/TickBitmap.sol","s":{"1":259,"2":259,"3":209,"4":209,"5":209,"6":209,"7":50,"8":50,"9":50,"10":39,"11":39,"12":39,"13":39,"14":39,"15":11,"16":11,"17":11,"18":11,"19":11},"b":{"1":[209,0],"2":[7,43],"3":[39,11]},"f":{"1":259,"2":209,"3":50},"fnMap":{"1":{"name":"position","line":14,"loc":{"start":{"line":14,"column":4},"end":{"line":19,"column":4}}},"2":{"name":"flipTick","line":25,"loc":{"start":{"line":25,"column":4},"end":{"line":36,"column":4}}},"3":{"name":"nextInitializedTickWithinOneWord","line":46,"loc":{"start":{"line":46,"column":4},"end":{"line":83,"column":4}}}},"statementMap":{"1":{"start":{"line":16,"column":12},"end":{"line":16,"column":37}},"2":{"start":{"line":17,"column":12},"end":{"line":17,"column":43}},"3":{"start":{"line":31,"column":12},"end":{"line":31,"column":43}},"4":{"start":{"line":32,"column":12},"end":{"line":32,"column":72}},"5":{"start":{"line":33,"column":12},"end":{"line":33,"column":38}},"6":{"start":{"line":34,"column":12},"end":{"line":34,"column":32}},"7":{"start":{"line":53,"column":12},"end":{"line":53,"column":49}},"8":{"start":{"line":54,"column":12},"end":{"line":54,"column":65}},"9":{"start":{"line":56,"column":12},"end":{"line":56,"column":2710}},"10":{"start":{"line":57,"column":16},"end":{"line":57,"column":68}},"11":{"start":{"line":59,"column":16},"end":{"line":59,"column":64}},"12":{"start":{"line":60,"column":16},"end":{"line":60,"column":53}},"13":{"start":{"line":63,"column":16},"end":{"line":63,"column":40}},"14":{"start":{"line":65,"column":16},"end":{"line":65,"column":3338}},"15":{"start":{"line":70,"column":16},"end":{"line":70,"column":72}},"16":{"start":{"line":72,"column":16},"end":{"line":72,"column":51}},"17":{"start":{"line":73,"column":16},"end":{"line":73,"column":53}},"18":{"start":{"line":76,"column":16},"end":{"line":76,"column":40}},"19":{"start":{"line":78,"column":16},"end":{"line":78,"column":4217}}},"branchMap":{"1":{"line":31,"type":"if","locations":[{"start":{"line":31,"column":12},"end":{"line":31,"column":12}},{"start":{"line":31,"column":12},"end":{"line":31,"column":12}}]},"2":{"line":54,"type":"if","locations":[{"start":{"line":54,"column":12},"end":{"line":54,"column":12}},{"start":{"line":54,"column":12},"end":{"line":54,"column":12}}]},"3":{"line":56,"type":"if","locations":[{"start":{"line":56,"column":12},"end":{"line":56,"column":12}},{"start":{"line":56,"column":12},"end":{"line":56,"column":12}}]}}},"contracts/libraries/TickMath.sol":{"l":{"25":0,"26":0,"32":0,"33":0,"43":194,"44":194,"45":194,"47":192,"50":192,"51":192,"52":192,"53":192,"54":192,"55":192,"56":192,"57":192,"58":192,"59":192,"60":192,"61":192,"62":192,"63":192,"64":192,"65":192,"66":192,"67":192,"68":192,"70":192,"75":192,"85":72,"87":72,"88":70,"90":70,"91":70,"93":70,"98":70,"103":70,"108":70,"113":70,"118":70,"123":70,"128":70,"133":70,"136":70,"138":70,"144":70,"150":70,"156":70,"162":70,"168":70,"174":70,"180":70,"186":70,"192":70,"198":70,"204":70,"210":70,"216":70,"222":70,"224":70,"225":70,"227":70},"path":"/Users/emily/code/uniswap/core-next/contracts/libraries/TickMath.sol","s":{"1":0,"2":0,"3":194,"4":194,"5":192,"6":192,"7":51,"8":192,"9":58,"10":192,"11":70,"12":192,"13":101,"14":192,"15":125,"16":192,"17":86,"18":192,"19":78,"20":192,"21":110,"22":192,"23":63,"24":192,"25":16,"26":192,"27":68,"28":192,"29":58,"30":192,"31":23,"32":192,"33":32,"34":192,"35":41,"36":192,"37":34,"38":192,"39":26,"40":192,"41":36,"42":192,"43":26,"44":192,"45":83,"46":192,"47":72,"48":70,"49":70,"50":70,"51":70,"52":43,"53":27,"54":70,"55":70,"56":70,"57":70,"58":70},"b":{"1":[2,192],"2":[51,141],"3":[58,134],"4":[70,122],"5":[101,91],"6":[125,67],"7":[86,106],"8":[78,114],"9":[110,82],"10":[63,129],"11":[16,176],"12":[68,124],"13":[58,134],"14":[23,169],"15":[32,160],"16":[41,151],"17":[34,158],"18":[26,166],"19":[36,156],"20":[26,166],"21":[83,109],"22":[2,70],"23":[43,27]},"f":{"1":0,"2":0,"3":194,"4":72},"fnMap":{"1":{"name":"maxUsableTick","line":24,"loc":{"start":{"line":24,"column":4},"end":{"line":28,"column":4}}},"2":{"name":"minUsableTick","line":31,"loc":{"start":{"line":31,"column":4},"end":{"line":35,"column":4}}},"3":{"name":"getSqrtRatioAtTick","line":42,"loc":{"start":{"line":42,"column":4},"end":{"line":77,"column":4}}},"4":{"name":"getTickAtSqrtRatio","line":84,"loc":{"start":{"line":84,"column":4},"end":{"line":229,"column":4}}}},"statementMap":{"1":{"start":{"line":26,"column":12},"end":{"line":26,"column":57}},"2":{"start":{"line":33,"column":12},"end":{"line":33,"column":57}},"3":{"start":{"line":44,"column":12},"end":{"line":44,"column":87}},"4":{"start":{"line":45,"column":12},"end":{"line":45,"column":73}},"5":{"start":{"line":47,"column":12},"end":{"line":47,"column":2468}},"6":{"start":{"line":50,"column":12},"end":{"line":50,"column":95}},"7":{"start":{"line":50,"column":36},"end":{"line":50,"column":94}},"8":{"start":{"line":51,"column":12},"end":{"line":51,"column":95}},"9":{"start":{"line":51,"column":36},"end":{"line":51,"column":94}},"10":{"start":{"line":52,"column":12},"end":{"line":52,"column":95}},"11":{"start":{"line":52,"column":36},"end":{"line":52,"column":94}},"12":{"start":{"line":53,"column":12},"end":{"line":53,"column":96}},"13":{"start":{"line":53,"column":37},"end":{"line":53,"column":95}},"14":{"start":{"line":54,"column":12},"end":{"line":54,"column":96}},"15":{"start":{"line":54,"column":37},"end":{"line":54,"column":95}},"16":{"start":{"line":55,"column":12},"end":{"line":55,"column":96}},"17":{"start":{"line":55,"column":37},"end":{"line":55,"column":95}},"18":{"start":{"line":56,"column":12},"end":{"line":56,"column":96}},"19":{"start":{"line":56,"column":37},"end":{"line":56,"column":95}},"20":{"start":{"line":57,"column":12},"end":{"line":57,"column":97}},"21":{"start":{"line":57,"column":38},"end":{"line":57,"column":96}},"22":{"start":{"line":58,"column":12},"end":{"line":58,"column":97}},"23":{"start":{"line":58,"column":38},"end":{"line":58,"column":96}},"24":{"start":{"line":59,"column":12},"end":{"line":59,"column":97}},"25":{"start":{"line":59,"column":38},"end":{"line":59,"column":96}},"26":{"start":{"line":60,"column":12},"end":{"line":60,"column":97}},"27":{"start":{"line":60,"column":38},"end":{"line":60,"column":96}},"28":{"start":{"line":61,"column":12},"end":{"line":61,"column":98}},"29":{"start":{"line":61,"column":39},"end":{"line":61,"column":97}},"30":{"start":{"line":62,"column":12},"end":{"line":62,"column":98}},"31":{"start":{"line":62,"column":39},"end":{"line":62,"column":97}},"32":{"start":{"line":63,"column":12},"end":{"line":63,"column":98}},"33":{"start":{"line":63,"column":39},"end":{"line":63,"column":97}},"34":{"start":{"line":64,"column":12},"end":{"line":64,"column":98}},"35":{"start":{"line":64,"column":39},"end":{"line":64,"column":97}},"36":{"start":{"line":65,"column":12},"end":{"line":65,"column":98}},"37":{"start":{"line":65,"column":40},"end":{"line":65,"column":97}},"38":{"start":{"line":66,"column":12},"end":{"line":66,"column":97}},"39":{"start":{"line":66,"column":40},"end":{"line":66,"column":96}},"40":{"start":{"line":67,"column":12},"end":{"line":67,"column":95}},"41":{"start":{"line":67,"column":40},"end":{"line":67,"column":94}},"42":{"start":{"line":68,"column":12},"end":{"line":68,"column":90}},"43":{"start":{"line":68,"column":40},"end":{"line":68,"column":89}},"44":{"start":{"line":70,"column":12},"end":{"line":70,"column":59}},"45":{"start":{"line":70,"column":26},"end":{"line":70,"column":58}},"46":{"start":{"line":75,"column":12},"end":{"line":75,"column":83}},"47":{"start":{"line":87,"column":12},"end":{"line":87,"column":106}},"48":{"start":{"line":88,"column":12},"end":{"line":88,"column":55}},"49":{"start":{"line":90,"column":12},"end":{"line":90,"column":29}},"50":{"start":{"line":91,"column":12},"end":{"line":91,"column":27}},"51":{"start":{"line":133,"column":12},"end":{"line":133,"column":6996}},"52":{"start":{"line":133,"column":28},"end":{"line":133,"column":51}},"53":{"start":{"line":134,"column":17},"end":{"line":134,"column":40}},"54":{"start":{"line":136,"column":12},"end":{"line":136,"column":52}},"55":{"start":{"line":222,"column":12},"end":{"line":222,"column":67}},"56":{"start":{"line":224,"column":12},"end":{"line":224,"column":97}},"57":{"start":{"line":225,"column":12},"end":{"line":225,"column":98}},"58":{"start":{"line":227,"column":12},"end":{"line":227,"column":109}}},"branchMap":{"1":{"line":45,"type":"if","locations":[{"start":{"line":45,"column":12},"end":{"line":45,"column":12}},{"start":{"line":45,"column":12},"end":{"line":45,"column":12}}]},"2":{"line":50,"type":"if","locations":[{"start":{"line":50,"column":12},"end":{"line":50,"column":12}},{"start":{"line":50,"column":12},"end":{"line":50,"column":12}}]},"3":{"line":51,"type":"if","locations":[{"start":{"line":51,"column":12},"end":{"line":51,"column":12}},{"start":{"line":51,"column":12},"end":{"line":51,"column":12}}]},"4":{"line":52,"type":"if","locations":[{"start":{"line":52,"column":12},"end":{"line":52,"column":12}},{"start":{"line":52,"column":12},"end":{"line":52,"column":12}}]},"5":{"line":53,"type":"if","locations":[{"start":{"line":53,"column":12},"end":{"line":53,"column":12}},{"start":{"line":53,"column":12},"end":{"line":53,"column":12}}]},"6":{"line":54,"type":"if","locations":[{"start":{"line":54,"column":12},"end":{"line":54,"column":12}},{"start":{"line":54,"column":12},"end":{"line":54,"column":12}}]},"7":{"line":55,"type":"if","locations":[{"start":{"line":55,"column":12},"end":{"line":55,"column":12}},{"start":{"line":55,"column":12},"end":{"line":55,"column":12}}]},"8":{"line":56,"type":"if","locations":[{"start":{"line":56,"column":12},"end":{"line":56,"column":12}},{"start":{"line":56,"column":12},"end":{"line":56,"column":12}}]},"9":{"line":57,"type":"if","locations":[{"start":{"line":57,"column":12},"end":{"line":57,"column":12}},{"start":{"line":57,"column":12},"end":{"line":57,"column":12}}]},"10":{"line":58,"type":"if","locations":[{"start":{"line":58,"column":12},"end":{"line":58,"column":12}},{"start":{"line":58,"column":12},"end":{"line":58,"column":12}}]},"11":{"line":59,"type":"if","locations":[{"start":{"line":59,"column":12},"end":{"line":59,"column":12}},{"start":{"line":59,"column":12},"end":{"line":59,"column":12}}]},"12":{"line":60,"type":"if","locations":[{"start":{"line":60,"column":12},"end":{"line":60,"column":12}},{"start":{"line":60,"column":12},"end":{"line":60,"column":12}}]},"13":{"line":61,"type":"if","locations":[{"start":{"line":61,"column":12},"end":{"line":61,"column":12}},{"start":{"line":61,"column":12},"end":{"line":61,"column":12}}]},"14":{"line":62,"type":"if","locations":[{"start":{"line":62,"column":12},"end":{"line":62,"column":12}},{"start":{"line":62,"column":12},"end":{"line":62,"column":12}}]},"15":{"line":63,"type":"if","locations":[{"start":{"line":63,"column":12},"end":{"line":63,"column":12}},{"start":{"line":63,"column":12},"end":{"line":63,"column":12}}]},"16":{"line":64,"type":"if","locations":[{"start":{"line":64,"column":12},"end":{"line":64,"column":12}},{"start":{"line":64,"column":12},"end":{"line":64,"column":12}}]},"17":{"line":65,"type":"if","locations":[{"start":{"line":65,"column":12},"end":{"line":65,"column":12}},{"start":{"line":65,"column":12},"end":{"line":65,"column":12}}]},"18":{"line":66,"type":"if","locations":[{"start":{"line":66,"column":12},"end":{"line":66,"column":12}},{"start":{"line":66,"column":12},"end":{"line":66,"column":12}}]},"19":{"line":67,"type":"if","locations":[{"start":{"line":67,"column":12},"end":{"line":67,"column":12}},{"start":{"line":67,"column":12},"end":{"line":67,"column":12}}]},"20":{"line":68,"type":"if","locations":[{"start":{"line":68,"column":12},"end":{"line":68,"column":12}},{"start":{"line":68,"column":12},"end":{"line":68,"column":12}}]},"21":{"line":70,"type":"if","locations":[{"start":{"line":70,"column":12},"end":{"line":70,"column":12}},{"start":{"line":70,"column":12},"end":{"line":70,"column":12}}]},"22":{"line":87,"type":"if","locations":[{"start":{"line":87,"column":12},"end":{"line":87,"column":12}},{"start":{"line":87,"column":12},"end":{"line":87,"column":12}}]},"23":{"line":133,"type":"if","locations":[{"start":{"line":133,"column":12},"end":{"line":133,"column":12}},{"start":{"line":133,"column":12},"end":{"line":133,"column":12}}]}}},"contracts/libraries/TransferHelper.sol":{"l":{"20":15,"22":15,"43":15},"path":"/Users/emily/code/uniswap/core-next/contracts/libraries/TransferHelper.sol","s":{"1":15,"2":15},"b":{"1":[14,1]},"f":{"1":15},"fnMap":{"1":{"name":"safeTransfer","line":15,"loc":{"start":{"line":15,"column":4},"end":{"line":44,"column":4}}}},"statementMap":{"1":{"start":{"line":20,"column":8},"end":{"line":20,"column":20}},"2":{"start":{"line":43,"column":8},"end":{"line":43,"column":42}}},"branchMap":{"1":{"line":43,"type":"if","locations":[{"start":{"line":43,"column":8},"end":{"line":43,"column":8}},{"start":{"line":43,"column":8},"end":{"line":43,"column":8}}]}}},"contracts/libraries/UnsafeMath.sol":{"l":{"13":44,"14":44},"path":"/Users/emily/code/uniswap/core-next/contracts/libraries/UnsafeMath.sol","s":{},"b":{},"f":{"1":44},"fnMap":{"1":{"name":"divRoundingUp","line":12,"loc":{"start":{"line":12,"column":4},"end":{"line":18,"column":4}}}},"statementMap":{},"branchMap":{}},"contracts/NoDelegateCall.sol":{"l":{"15":6,"21":75,"26":75,"27":73},"path":"/Users/emily/code/uniswap/core-next/contracts/NoDelegateCall.sol","s":{"1":6,"2":75,"3":75},"b":{"1":[2,73]},"f":{"1":6,"2":75,"3":75},"fnMap":{"1":{"name":"constructor","line":12,"loc":{"start":{"line":12,"column":4},"end":{"line":16,"column":4}}},"2":{"name":"checkNotDelegateCall","line":20,"loc":{"start":{"line":20,"column":4},"end":{"line":22,"column":4}}},"3":{"name":"noDelegateCall","line":25,"loc":{"start":{"line":25,"column":4},"end":{"line":28,"column":4}}}},"statementMap":{"1":{"start":{"line":15,"column":8},"end":{"line":15,"column":31}},"2":{"start":{"line":21,"column":8},"end":{"line":21,"column":70}},"3":{"start":{"line":26,"column":8},"end":{"line":26,"column":29}}},"branchMap":{"1":{"line":21,"type":"if","locations":[{"start":{"line":21,"column":8},"end":{"line":21,"column":8}},{"start":{"line":21,"column":8},"end":{"line":21,"column":8}}]}}},"contracts/Owned.sol":{"l":{"15":5,"16":5,"20":3,"21":3,"25":0,"26":0},"path":"/Users/emily/code/uniswap/core-next/contracts/Owned.sol","s":{"1":5,"2":3,"3":3,"4":0,"5":0},"b":{"1":[0,5]},"f":{"1":5,"2":3,"3":0},"fnMap":{"1":{"name":"onlyOwner","line":14,"loc":{"start":{"line":14,"column":4},"end":{"line":17,"column":4}}},"2":{"name":"constructor","line":19,"loc":{"start":{"line":19,"column":4},"end":{"line":22,"column":4}}},"3":{"name":"setOwner","line":24,"loc":{"start":{"line":24,"column":4},"end":{"line":27,"column":4}}}},"statementMap":{"1":{"start":{"line":15,"column":8},"end":{"line":15,"column":55}},"2":{"start":{"line":20,"column":8},"end":{"line":20,"column":25}},"3":{"start":{"line":21,"column":8},"end":{"line":21,"column":49}},"4":{"start":{"line":25,"column":8},"end":{"line":25,"column":40}},"5":{"start":{"line":26,"column":8},"end":{"line":26,"column":21}}},"branchMap":{"1":{"line":15,"type":"if","locations":[{"start":{"line":15,"column":8},"end":{"line":15,"column":8}},{"start":{"line":15,"column":8},"end":{"line":15,"column":8}}]}}},"contracts/PoolManager.sol":{"l":{"47":3,"51":5,"65":0,"67":0,"72":0,"82":0,"88":23,"89":22,"90":20,"92":20,"93":5,"94":0,"98":20,"99":20,"101":20,"102":5,"103":0,"107":20,"118":12,"141":12,"146":0,"151":12,"152":12,"157":34,"158":34,"161":34,"163":28,"164":28,"165":28,"166":28,"167":40,"168":40,"169":40,"170":40,"172":28,"175":28,"180":82,"181":82,"182":82,"183":27,"184":27,"187":55,"188":55,"190":55,"191":15,"192":15,"193":15,"194":15,"199":89,"200":82,"201":82,"206":20,"207":20,"211":72,"212":72,"213":72,"224":12,"225":2,"226":0,"230":12,"231":12,"241":11,"243":11,"244":2,"245":0,"249":11,"260":8,"261":1,"262":0,"266":8,"267":8,"268":8,"269":8,"279":7,"282":7,"283":7,"286":7,"287":1,"288":0,"292":7,"301":4,"302":1,"303":0,"307":4,"309":2,"311":2,"312":1,"313":0,
[...]
mn":56}},"17":{"start":{"line":52,"column":12},"end":{"line":52,"column":93}},"18":{"start":{"line":53,"column":12},"end":{"line":53,"column":42}},"19":{"start":{"line":56,"column":8},"end":{"line":56,"column":28}}},"branchMap":{"1":{"line":32,"type":"if","locations":[{"start":{"line":32,"column":8},"end":{"line":32,"column":8}},{"start":{"line":32,"column":8},"end":{"line":32,"column":8}}]},"2":{"line":36,"type":"if","locations":[{"start":{"line":36,"column":8},"end":{"line":36,"column":8}},{"start":{"line":36,"column":8},"end":{"line":36,"column":8}}]},"3":{"line":40,"type":"if","locations":[{"start":{"line":40,"column":12},"end":{"line":40,"column":12}},{"start":{"line":40,"column":12},"end":{"line":40,"column":12}}]},"4":{"line":46,"type":"if","locations":[{"start":{"line":46,"column":8},"end":{"line":46,"column":8}},{"start":{"line":46,"column":8},"end":{"line":46,"column":8}}]},"5":{"line":50,"type":"if","locations":[{"start":{"line":50,"column":12},"end":{"line":50,"column":12}},{"start":{"line":50,"column":12},"end":{"line":50,"column":12}}]}}},"contracts/test/ProtocolFeeControllerTest.sol":{"l":{"14":0,"19":0},"path":"/Users/emily/code/uniswap/core-next/contracts/test/ProtocolFeeControllerTest.sol","s":{"1":0,"2":0},"b":{},"f":{"1":0,"2":0},"fnMap":{"1":{"name":"protocolFeeForPool","line":13,"loc":{"start":{"line":13,"column":4},"end":{"line":15,"column":4}}},"2":{"name":"setFeeForPool","line":18,"loc":{"start":{"line":18,"column":4},"end":{"line":20,"column":4}}}},"statementMap":{"1":{"start":{"line":14,"column":8},"end":{"line":14,"column":37}},"2":{"start":{"line":19,"column":8},"end":{"line":19,"column":27}}},"branchMap":{}},"contracts/test/SqrtPriceMathTest.sol":{"l":{"13":0,"22":0,"23":0,"24":0,"33":0,"42":0,"43":0,"44":0,"53":0,"62":0,"71":0,"72":0,"73":0,"82":0,"83":0,"84":0},"path":"/Users/emily/code/uniswap/core-next/contracts/test/SqrtPriceMathTest.sol","s":{"1":0,"2":0,"3":0,"4":0,"5":0,"6":0,"7":0,"8":0,"9":0,"10":0,"11":0,"12":0,"13":0,"14":0,"15":0,"16":0},"b":{},"f":{"1":0,"2":0,"3":0,"4":0,"5":0,"6":0,"7":0,"8":0},"fnMap":{"1":{"name":"getNextSqrtPriceFromInput","line":7,"loc":{"start":{"line":7,"column":4},"end":{"line":14,"column":4}}},"2":{"name":"getGasCostOfGetNextSqrtPriceFromInput","line":16,"loc":{"start":{"line":16,"column":4},"end":{"line":25,"column":4}}},"3":{"name":"getNextSqrtPriceFromOutput","line":27,"loc":{"start":{"line":27,"column":4},"end":{"line":34,"column":4}}},"4":{"name":"getGasCostOfGetNextSqrtPriceFromOutput","line":36,"loc":{"start":{"line":36,"column":4},"end":{"line":45,"column":4}}},"5":{"name":"getAmount0Delta","line":47,"loc":{"start":{"line":47,"column":4},"end":{"line":54,"column":4}}},"6":{"name":"getAmount1Delta","line":56,"loc":{"start":{"line":56,"column":4},"end":{"line":63,"column":4}}},"7":{"name":"getGasCostOfGetAmount0Delta","line":65,"loc":{"start":{"line":65,"column":4},"end":{"line":74,"column":4}}},"8":{"name":"getGasCostOfGetAmount1Delta","line":76,"loc":{"start":{"line":76,"column":4},"end":{"line":85,"column":4}}}},"statementMap":{"1":{"start":{"line":13,"column":8},"end":{"line":13,"column":94}},"2":{"start":{"line":22,"column":8},"end":{"line":22,"column":37}},"3":{"start":{"line":23,"column":8},"end":{"line":23,"column":86}},"4":{"start":{"line":24,"column":8},"end":{"line":24,"column":36}},"5":{"start":{"line":33,"column":8},"end":{"line":33,"column":96}},"6":{"start":{"line":42,"column":8},"end":{"line":42,"column":37}},"7":{"start":{"line":43,"column":8},"end":{"line":43,"column":88}},"8":{"start":{"line":44,"column":8},"end":{"line":44,"column":36}},"9":{"start":{"line":53,"column":8},"end":{"line":53,"column":86}},"10":{"start":{"line":62,"column":8},"end":{"line":62,"column":86}},"11":{"start":{"line":71,"column":8},"end":{"line":71,"column":37}},"12":{"start":{"line":72,"column":8},"end":{"line":72,"column":78}},"13":{"start":{"line":73,"column":8},"end":{"line":73,"column":36}},"14":{"start":{"line":82,"column":8},"end":{"line":82,"column":37}},"15":{"start":{"line":83,"column":8},"end":{"line":83,"column":78}},"16":{"start":{"line":84,"column":8},"end":{"line":84,"column":36}}},"branchMap":{}},"contracts/test/SwapMathTest.sol":{"l":{"23":0,"33":0,"34":0,"35":0},"path":"/Users/emily/code/uniswap/core-next/contracts/test/SwapMathTest.sol","s":{"1":0,"2":0,"3":0,"4":0},"b":{},"f":{"1":0,"2":0},"fnMap":{"1":{"name":"computeSwapStep","line":7,"loc":{"start":{"line":7,"column":4},"end":{"line":24,"column":4}}},"2":{"name":"getGasCostOfComputeSwapStep","line":26,"loc":{"start":{"line":26,"column":4},"end":{"line":36,"column":4}}}},"statementMap":{"1":{"start":{"line":23,"column":8},"end":{"line":23,"column":96}},"2":{"start":{"line":33,"column":8},"end":{"line":33,"column":37}},"3":{"start":{"line":34,"column":8},"end":{"line":34,"column":88}},"4":{"start":{"line":35,"column":8},"end":{"line":35,"column":36}}},"branchMap":{}},"contracts/test/TestERC20.sol":{"l":{"11":0,"15":0,"16":0,"17":0,"21":0,"22":0,"23":0,"25":0,"26":0,"27":0,"29":0,"30":0,"34":0,"35":0,"36":0,"44":0,"45":0,"47":0,"49":0,"50":0,"51":0,"52":0,"53":0,"54":0,"56":0,"57":0},"path":"/Users/emily/code/uniswap/core-next/contracts/test/TestERC20.sol","s":{"1":0,"2":0,"3":0,"4":0,"5":0,"6":0,"7":0,"8":0,"9":0,"10":0,"11":0,"12":0,"13":0,"14":0,"15":0,"16":0,"17":0,"18":0,"19":0,"20":0,"21":0,"22":0,"23":0,"24":0,"25":0,"26":0},"b":{"1":[0,0],"2":[0,0],"3":[0,0],"4":[0,0],"5":[0,0],"6":[0,0]},"f":{"1":0,"2":0,"3":0,"4":0,"5":0},"fnMap":{"1":{"name":"constructor","line":10,"loc":{"start":{"line":10,"column":4},"end":{"line":12,"column":4}}},"2":{"name":"mint","line":14,"loc":{"start":{"line":14,"column":4},"end":{"line":18,"column":4}}},"3":{"name":"transfer","line":20,"loc":{"start":{"line":20,"column":4},"end":{"line":31,"column":4}}},"4":{"name":"approve","line":33,"loc":{"start":{"line":33,"column":4},"end":{"line":37,"column":4}}},"5":{"name":"transferFrom","line":39,"loc":{"start":{"line":39,"column":4},"end":{"line":58,"column":4}}}},"statementMap":{"1":{"start":{"line":11,"column":8},"end":{"line":11,"column":37}},"2":{"start":{"line":15,"column":8},"end":{"line":15,"column":52}},"3":{"start":{"line":16,"column":8},"end":{"line":16,"column":57}},"4":{"start":{"line":17,"column":8},"end":{"line":17,"column":34}},"5":{"start":{"line":21,"column":8},"end":{"line":21,"column":53}},"6":{"start":{"line":22,"column":8},"end":{"line":22,"column":63}},"7":{"start":{"line":23,"column":8},"end":{"line":23,"column":53}},"8":{"start":{"line":25,"column":8},"end":{"line":25,"column":55}},"9":{"start":{"line":26,"column":8},"end":{"line":26,"column":91}},"10":{"start":{"line":27,"column":8},"end":{"line":27,"column":55}},"11":{"start":{"line":29,"column":8},"end":{"line":29,"column":52}},"12":{"start":{"line":30,"column":8},"end":{"line":30,"column":19}},"13":{"start":{"line":34,"column":8},"end":{"line":34,"column":46}},"14":{"start":{"line":35,"column":8},"end":{"line":35,"column":50}},"15":{"start":{"line":36,"column":8},"end":{"line":36,"column":19}},"16":{"start":{"line":44,"column":8},"end":{"line":44,"column":63}},"17":{"start":{"line":45,"column":8},"end":{"line":45,"column":67}},"18":{"start":{"line":47,"column":8},"end":{"line":47,"column":63}},"19":{"start":{"line":49,"column":8},"end":{"line":49,"column":55}},"20":{"start":{"line":50,"column":8},"end":{"line":50,"column":91}},"21":{"start":{"line":51,"column":8},"end":{"line":51,"column":55}},"22":{"start":{"line":52,"column":8},"end":{"line":52,"column":49}},"23":{"start":{"line":53,"column":8},"end":{"line":53,"column":67}},"24":{"start":{"line":54,"column":8},"end":{"line":54,"column":49}},"25":{"start":{"line":56,"column":8},"end":{"line":56,"column":48}},"26":{"start":{"line":57,"column":8},"end":{"line":57,"column":19}}},"branchMap":{"1":{"line":16,"type":"if","locations":[{"start":{"line":16,"column":8},"end":{"line":16,"column":8}},{"start":{"line":16,"column":8},"end":{"line":16,"column":8}}]},"2":{"line":22,"type":"if","locations":[{"start":{"line":22,"column":8},"end":{"line":22,"column":8}},{"start":{"line":22,"column":8},"end":{"line":22,"column":8}}]},"3":{"line":26,"type":"if","locations":[{"start":{"line":26,"column":8},"end":{"line":26,"column":8}},{"start":{"line":26,"column":8},"end":{"line":26,"column":8}}]},"4":{"line":45,"type":"if","locations":[{"start":{"line":45,"column":8},"end":{"line":45,"column":8}},{"start":{"line":45,"column":8},"end":{"line":45,"column":8}}]},"5":{"line":50,"type":"if","locations":[{"start":{"line":50,"column":8},"end":{"line":50,"column":8}},{"start":{"line":50,"column":8},"end":{"line":50,"column":8}}]},"6":{"line":53,"type":"if","locations":[{"start":{"line":53,"column":8},"end":{"line":53,"column":8}},{"start":{"line":53,"column":8},"end":{"line":53,"column":8}}]}}},"contracts/test/TestHooksImpl.sol":{"l":{"12":0,"31":0,"40":0,"48":0,"57":0,"65":0,"74":0,"83":0,"92":0},"path":"/Users/emily/code/uniswap/core-next/contracts/test/TestHooksImpl.sol","s":{"1":0,"2":0,"3":0,"4":0,"5":0,"6":0,"7":0,"8":0,"9":0},"b":{},"f":{"1":0,"2":0,"3":0,"4":0,"5":0,"6":0,"7":0,"8":0,"9":0},"fnMap":{"1":{"name":"constructor","line":11,"loc":{"start":{"line":11,"column":4},"end":{"line":24,"column":4}}},"2":{"name":"beforeInitialize","line":26,"loc":{"start":{"line":26,"column":4},"end":{"line":32,"column":4}}},"3":{"name":"afterInitialize","line":34,"loc":{"start":{"line":34,"column":4},"end":{"line":41,"column":4}}},"4":{"name":"beforeModifyPosition","line":43,"loc":{"start":{"line":43,"column":4},"end":{"line":49,"column":4}}},"5":{"name":"afterModifyPosition","line":51,"loc":{"start":{"line":51,"column":4},"end":{"line":58,"column":4}}},"6":{"name":"beforeSwap","line":60,"loc":{"start":{"line":60,"column":4},"end":{"line":66,"column":4}}},"7":{"name":"afterSwap","line":68,"loc":{"start":{"line":68,"column":4},"end":{"line":75,"column":4}}},"8":{"name":"beforeDonate","line":77,"loc":{"start":{"line":77,"column":4},"end":{"line":84,"column":4}}},"9":{"name":"afterDonate","line":86,"loc":{"start":{"line":86,"column":4},"end":{"line":93,"column":4}}}},"statementMap":{"1":{"start":{"line":12,"column":8},"end":{"line":12,"column":324}},"2":{"start":{"line":31,"column":8},"end":{"line":31,"column":47}},"3":{"start":{"line":40,"column":8},"end":{"line":40,"column":46}},"4":{"start":{"line":48,"column":8},"end":{"line":48,"column":51}},"5":{"start":{"line":57,"column":8},"end":{"line":57,"column":50}},"6":{"start":{"line":65,"column":8},"end":{"line":65,"column":41}},"7":{"start":{"line":74,"column":8},"end":{"line":74,"column":40}},"8":{"start":{"line":83,"column":8},"end":{"line":83,"column":43}},"9":{"start":{"line":92,"column":8},"end":{"line":92,"column":42}}},"branchMap":{}},"contracts/test/TestInvalidERC20.sol":{"l":{"12":0,"16":0,"17":0,"18":0,"22":0,"23":0,"24":0,"26":0,"27":0,"28":0,"30":0,"31":0,"35":0,"36":0,"37":0,"45":0,"46":0,"48":0,"50":0,"51":0,"52":0,"53":0,"54":0,"55":0,"57":0,"58":0},"path":"/Users/emily/code/uniswap/core-next/contracts/test/TestInvalidERC20.sol","s":{"1":0,"2":0,"3":0,"4":0,"5":0,"6":0,"7":0,"8":0,"9":0,"10":0,"11":0,"12":0,"13":0,"14":0,"15":0,"16":0,"17":0,"18":0,"19":0,"20":0,"21":0,"22":0,"23":0,"24":0,"25":0,"26":0},"b":{"1":[0,0],"2":[0,0],"3":[0,0],"4":[0,0],"5":[0,0],"6":[0,0]},"f":{"1":0,"2":0,"3":0,"4":0,"5":0},"fnMap":{"1":{"name":"constructor","line":11,"loc":{"start":{"line":11,"column":4},"end":{"line":13,"column":4}}},"2":{"name":"mint","line":15,"loc":{"start":{"line":15,"column":4},"end":{"line":19,"column":4}}},"3":{"name":"transfer","line":21,"loc":{"start":{"line":21,"column":4},"end":{"line":32,"column":4}}},"4":{"name":"approve","line":34,"loc":{"start":{"line":34,"column":4},"end":{"line":38,"column":4}}},"5":{"name":"transferFrom","line":40,"loc":{"start":{"line":40,"column":4},"end":{"line":59,"column":4}}}},"statementMap":{"1":{"start":{"line":12,"column":8},"end":{"line":12,"column":37}},"2":{"start":{"line":16,"column":8},"end":{"line":16,"column":52}},"3":{"start":{"line":17,"column":8},"end":{"line":17,"column":57}},"4":{"start":{"line":18,"column":8},"end":{"line":18,"column":34}},"5":{"start":{"line":22,"column":8},"end":{"line":22,"column":53}},"6":{"start":{"line":23,"column":8},"end":{"line":23,"column":63}},"7":{"start":{"line":24,"column":8},"end":{"line":24,"column":53}},"8":{"start":{"line":26,"column":8},"end":{"line":26,"column":55}},"9":{"start":{"line":27,"column":8},"end":{"line":27,"column":91}},"10":{"start":{"line":28,"column":8},"end":{"line":28,"column":55}},"11":{"start":{"line":30,"column":8},"end":{"line":30,"column":52}},"12":{"start":{"line":31,"column":8},"end":{"line":31,"column":20}},"13":{"start":{"line":35,"column":8},"end":{"line":35,"column":46}},"14":{"start":{"line":36,"column":8},"end":{"line":36,"column":50}},"15":{"start":{"line":37,"column":8},"end":{"line":37,"column":19}},"16":{"start":{"line":45,"column":8},"end":{"line":45,"column":63}},"17":{"start":{"line":46,"column":8},"end":{"line":46,"column":67}},"18":{"start":{"line":48,"column":8},"end":{"line":48,"column":63}},"19":{"start":{"line":50,"column":8},"end":{"line":50,"column":55}},"20":{"start":{"line":51,"column":8},"end":{"line":51,"column":91}},"21":{"start":{"line":52,"column":8},"end":{"line":52,"column":55}},"22":{"start":{"line":53,"column":8},"end":{"line":53,"column":49}},"23":{"start":{"line":54,"column":8},"end":{"line":54,"column":67}},"24":{"start":{"line":55,"column":8},"end":{"line":55,"column":49}},"25":{"start":{"line":57,"column":8},"end":{"line":57,"column":48}},"26":{"start":{"line":58,"column":8},"end":{"line":58,"column":20}}},"branchMap":{"1":{"line":17,"type":"if","locations":[{"start":{"line":17,"column":8},"end":{"line":17,"column":8}},{"start":{"line":17,"column":8},"end":{"line":17,"column":8}}]},"2":{"line":23,"type":"if","locations":[{"start":{"line":23,"column":8},"end":{"line":23,"column":8}},{"start":{"line":23,"column":8},"end":{"line":23,"column":8}}]},"3":{"line":27,"type":"if","locations":[{"start":{"line":27,"column":8},"end":{"line":27,"column":8}},{"start":{"line":27,"column":8},"end":{"line":27,"column":8}}]},"4":{"line":46,"type":"if","locations":[{"start":{"line":46,"column":8},"end":{"line":46,"column":8}},{"start":{"line":46,"column":8},"end":{"line":46,"column":8}}]},"5":{"line":51,"type":"if","locations":[{"start":{"line":51,"column":8},"end":{"line":51,"column":8}},{"start":{"line":51,"column":8},"end":{"line":51,"column":8}}]},"6":{"line":54,"type":"if","locations":[{"start":{"line":54,"column":8},"end":{"line":54,"column":8}},{"start":{"line":54,"column":8},"end":{"line":54,"column":8}}]}}},"contracts/test/TickBitmapTest.sol":{"l":{"12":0,"16":0,"17":0,"18":0,"26":0,"30":0,"31":0,"32":0,"37":0,"38":0},"path":"/Users/emily/code/uniswap/core-next/contracts/test/TickBitmapTest.sol","s":{"1":0,"2":0,"3":0,"4":0,"5":0,"6":0,"7":0,"8":0,"9":0,"10":0},"b":{},"f":{"1":0,"2":0,"3":0,"4":0,"5":0},"fnMap":{"1":{"name":"flipTick","line":11,"loc":{"start":{"line":11,"column":4},"end":{"line":13,"column":4}}},"2":{"name":"getGasCostOfFlipTick","line":15,"loc":{"start":{"line":15,"column":4},"end":{"line":19,"column":4}}},"3":{"name":"nextInitializedTickWithinOneWord","line":21,"loc":{"start":{"line":21,"column":4},"end":{"line":27,"column":4}}},"4":{"name":"getGasCostOfNextInitializedTickWithinOneWord","line":29,"loc":{"start":{"line":29,"column":4},"end":{"line":33,"column":4}}},"5":{"name":"isInitialized","line":36,"loc":{"start":{"line":36,"column":4},"end":{"line":39,"column":4}}}},"statementMap":{"1":{"start":{"line":12,"column":8},"end":{"line":12,"column":31}},"2":{"start":{"line":16,"column":8},"end":{"line":16,"column":37}},"3":{"start":{"line":17,"column":8},"end":{"line":17,"column":31}},"4":{"start":{"line":18,"column":8},"end":{"line":18,"column":36}},"5":{"start":{"line":26,"column":8},"end":{"line":26,"column":68}},"6":{"start":{"line":30,"column":8},"end":{"line":30,"column":37}},"7":{"start":{"line":31,"column":8},"end":{"line":31,"column":60}},"8":{"start":{"line":32,"column":8},"end":{"line":32,"column":36}},"9":{"start":{"line":37,"column":8},"end":{"line":37,"column":95}},"10":{"start":{"line":38,"column":8},"end":{"line":38,"column":49}}},"branchMap":{}},"contracts/test/TickMathTest.sol":{"l":{"8":0,"12":0,"13":0,"14":0,"18":0,"22":0,"23":0,"24":0,"28":0,"32":0,"36":0,"40":0},"path":"/Users/emily/code/uniswap/core-next/contracts/test/TickMathTest.sol","s":{"1":0,"2":0,"3":0,"4":0,"5":0,"6":0,"7":0,"8":0,"9":0,"10":0,"11":0,"12":0},"b":{},"f":{"1":0,"2":0,"3":0,"4":0,"5":0,"6":0,"7":0,"8":0},"fnMap":{"1":{"name":"getSqrtRatioAtTick","line":7,"loc":{"start":{"line":7,"column":4},"end":{"line":9,"column":4}}},"2":{"name":"getGasCostOfGetSqrtRatioAtTick","line":11,"loc":{"start":{"line":11,"column":4},"end":{"line":15,"column":4}}},"3":{"name":"getTickAtSqrtRatio","line":17,"loc":{"start":{"line":17,"column":4},"end":{"line":19,"column":4}}},"4":{"name":"getGasCostOfGetTickAtSqrtRatio","line":21,"loc":{"start":{"line":21,"column":4},"end":{"line":25,"column":4}}},"5":{"name":"MIN_SQRT_RATIO","line":27,"loc":{"start":{"line":27,"column":4},"end":{"line":29,"column":4}}},"6":{"name":"MAX_SQRT_RATIO","line":31,"loc":{"start":{"line":31,"column":4},"end":{"line":33,"column":4}}},"7":{"name":"MIN_TICK","line":35,"loc":{"start":{"line":35,"column":4},"end":{"line":37,"column":4}}},"8":{"name":"MAX_TICK","line":39,"loc":{"start":{"line":39,"column":4},"end":{"line":41,"column":4}}}},"statementMap":{"1":{"start":{"line":8,"column":8},"end":{"line":8,"column":48}},"2":{"start":{"line":12,"column":8},"end":{"line":12,"column":37}},"3":{"start":{"line":13,"column":8},"end":{"line":13,"column":40}},"4":{"start":{"line":14,"column":8},"end":{"line":14,"column":36}},"5":{"start":{"line":18,"column":8},"end":{"line":18,"column":56}},"6":{"start":{"line":22,"column":8},"end":{"line":22,"column":37}},"7":{"start":{"line":23,"column":8},"end":{"line":23,"column":48}},"8":{"start":{"line":24,"column":8},"end":{"line":24,"column":36}},"9":{"start":{"line":28,"column":8},"end":{"line":28,"column":38}},"10":{"start":{"line":32,"column":8},"end":{"line":32,"column":38}},"11":{"start":{"line":36,"column":8},"end":{"line":36,"column":32}},"12":{"start":{"line":40,"column":8},"end":{"line":40,"column":32}}},"branchMap":{}},"contracts/test/TickTest.sol":{"l":{"12":0,"16":0,"17":0,"18":0,"22":0,"32":0,"43":0,"47":0,"55":0},"path":"/Users/emily/code/uniswap/core-next/contracts/test/TickTest.sol","s":{"1":0,"2":0,"3":0,"4":0,"5":0,"6":0,"7":0,"8":0,"9":0},"b":{},"f":{"1":0,"2":0,"3":0,"4":0,"5":0,"6":0,"7":0},"fnMap":{"1":{"name":"tickSpacingToMaxLiquidityPerTick","line":11,"loc":{"start":{"line":11,"column":4},"end":{"line":13,"column":4}}},"2":{"name":"getGasCostOfTickSpacingToMaxLiquidityPerTick","line":15,"loc":{"start":{"line":15,"column":4},"end":{"line":19,"column":4}}},"3":{"name":"setTick","line":21,"loc":{"start":{"line":21,"column":4},"end":{"line":23,"column":4}}},"4":{"name":"getFeeGrowthInside","line":25,"loc":{"start":{"line":25,"column":4},"end":{"line":33,"column":4}}},"5":{"name":"update","line":35,"loc":{"start":{"line":35,"column":4},"end":{"line":44,"column":4}}},"6":{"name":"clear","line":46,"loc":{"start":{"line":46,"column":4},"end":{"line":48,"column":4}}},"7":{"name":"cross","line":50,"loc":{"start":{"line":50,"column":4},"end":{"line":56,"column":4}}}},"statementMap":{"1":{"start":{"line":12,"column":8},"end":{"line":12,"column":65}},"2":{"start":{"line":16,"column":8},"end":{"line":16,"column":37}},"3":{"start":{"line":17,"column":8},"end":{"line":17,"column":57}},"4":{"start":{"line":18,"column":8},"end":{"line":18,"column":36}},"5":{"start":{"line":22,"column":8},"end":{"line":22,"column":25}},"6":{"start":{"line":32,"column":8},"end":{"line":32,"column":118}},"7":{"start":{"line":43,"column":8},"end":{"line":43,"column":113}},"8":{"start":{"line":47,"column":8},"end":{"line":47,"column":24}},"9":{"start":{"line":55,"column":8},"end":{"line":55,"column":76}}},"branchMap":{}}}